C51 COMPILER V9.52.0.0   ADC                                                               02/27/2016 10:36:22 PAGE 1   


C51 COMPILER V9.52.0.0, COMPILATION OF MODULE ADC
OBJECT MODULE PLACED IN adc.OBJ
COMPILER INVOKED BY: D:\Keil\C51\BIN\C51.EXE adc.c LARGE OMF2 BROWSE DEBUG TABS(2)

line level    source

   1          #include "adc.h"
   2          #include "intrins.h"
   3          #include "alarm.h"
   4          #include "share.h"
   5          #include "ble.h"
   6          
   7          #define wait_adc_finish() while (!(ADC_CONTR & ADC_FLAG))   //等待ADC转换完成
   8          #define adc_bat_channel 4
   9          #define adc_vac_channel 5
  10          #define BATTER_LOW_VALUE 225
  11          #define VAC_LOW_VALUE 20
  12          
  13          
  14          void init_adc()
  15          {
  16   1        P1ASF |= 0x30;
  17   1        ADC_RES = 0;
  18   1        ADC_RESL = 0;
  19   1        ADC_CONTR = ADC_POWER | ADC_SPEED;
  20   1      }
  21          
  22          
  23          static u16 GetADCResult(u8 channel)
  24          {
  25   1        ADC_RES = 0;
  26   1        ADC_RESL = 0;
  27   1        // 选通道需要清除之前的通道
  28   1        ADC_CONTR &= 0xF8;
  29   1        ADC_CONTR |= channel;
  30   1        ADC_CONTR |= ADC_START;
  31   1        _nop_();                        
  32   1          _nop_();
  33   1          _nop_();
  34   1          _nop_();
  35   1          wait_adc_finish();              
  36   1          ADC_CONTR &= ~ADC_FLAG;         
  37   1          return ((ADC_RES << 2) | ADC_RESL);
  38   1      }
  39          
  40          
  41          // 0:正常 1：有问题
  42          static bool battery_detected()
  43          {
  44   1        u8 i;
  45   1        u16 adc_value = 0;
  46   1        for(i = 0; i < 16; i++)
  47   1          adc_value += GetADCResult(adc_bat_channel);
  48   1        adc_value = adc_value >> 4;
  49   1        // TX1_write2buff(0XEE);
  50   1        // TX1_write2buff(adc_value);
  51   1        // TX1_write2buff(adc_value >> 8);
  52   1        if(adc_value > BATTER_LOW_VALUE)
  53   1          return 0; 
  54   1        else 
  55   1          return 1;
C51 COMPILER V9.52.0.0   ADC                                                               02/27/2016 10:36:22 PAGE 2   

  56   1      }
  57          
  58          
  59          // 0:正常 1：有问题
  60          static bool vac_detected()
  61          {
  62   1        u8 i;
  63   1        u16 adc_value = 0;
  64   1        for(i = 0; i < 16; i++)
  65   1          adc_value += GetADCResult(adc_vac_channel);
  66   1        adc_value = adc_value >> 4;
  67   1        // TX1_write2buff(0X88);
  68   1        // TX1_write2buff(adc_value);
  69   1        // TX1_write2buff(adc_value >> 8);
  70   1        if (adc_value > VAC_LOW_VALUE)
  71   1          return 0; 
  72   1        else 
  73   1          return 1;
  74   1      }
  75          
  76          
  77          void voltage_performance_detected()
  78          {
  79   1        u8 battery_detected_flag, vac_detected_flag;
  80   1        battery_detected_flag = battery_detected();
  81   1        vac_detected_flag = vac_detected();
  82   1        // battery_detected_flag = 0;
  83   1        //vac_detected_flag = 0;
  84   1        // TX1_write2buff(battery_detected_flag);
  85   1        // TX1_write2buff(vac_detected_flag);
  86   1        // 电池电量低
  87   1        if(battery_detected_flag)
  88   1        {
  89   2          performance_status |= 0x40;
  90   2          performance_status &= ~0x80;
  91   2        }
  92   1        // 220V有问题
  93   1        if(!battery_detected_flag && vac_detected_flag)
  94   1        {
  95   2          performance_status |= 0x80;
  96   2          performance_status &= ~0x40;
  97   2        }
  98   1        if(!battery_detected_flag && !vac_detected_flag)
  99   1        {
 100   2          performance_status &= ~0xC0;
 101   2        }
 102   1        // 电压正常
 103   1        // if(!battery_detected_flag && !vac_detected_flag)
 104   1        // {  
 105   1        //  performance_status &= 0x20;
 106   1        //  // 锁有问题
 107   1        //  if(performance_status & 0x20)
 108   1        //    alarm_for_key_cabinet();
 109   1        //  // 一切正常
 110   1        //  else
 111   1        //  {
 112   1        //    alarm_for_no_problem();
 113   1        //  } 
 114   1        // }   
 115   1      }


C51 COMPILER V9.52.0.0   ADC                                                               02/27/2016 10:36:22 PAGE 3   

MODULE INFORMATION:   STATIC OVERLAYABLE
   CODE SIZE        =    199    ----
   CONSTANT SIZE    =   ----    ----
   XDATA SIZE       =   ----    ----
   PDATA SIZE       =   ----    ----
   DATA SIZE        =   ----    ----
   IDATA SIZE       =   ----    ----
   BIT SIZE         =   ----    ----
   EDATA SIZE       =   ----    ----
   HDATA SIZE       =   ----    ----
   XDATA CONST SIZE =   ----    ----
   FAR CONST SIZE   =   ----    ----
END OF MODULE INFORMATION.


C51 COMPILATION COMPLETE.  0 WARNING(S),  0 ERROR(S)
