C51 COMPILER V9.52.0.0   LED                                                               03/03/2016 15:49:52 PAGE 1   


C51 COMPILER V9.52.0.0, COMPILATION OF MODULE LED
OBJECT MODULE PLACED IN led.OBJ
COMPILER INVOKED BY: C:\Keil\C51\BIN\C51.EXE led.c LARGE OMF2 BROWSE DEBUG TABS(2)

line level    source

   1          #include "led.h"
   2          #include "utils.h"
   3          
   4          
   5          // 200Hz
   6          // static code u16 const color[5][3]=
   7          // {
   8          //  {0,0,0},
   9          //  {2500,5000,7500},
  10          //  {5000,10000,15000},
  11          //  {7500,15000,22500},
  12          //  {10000,20000,30000}
  13          // };
  14          
  15          
  16          // 5：每一种灯光分为5级 即PWM占空比依次为0%、25%、50%、75%和100%。
  17          // 3: 每一种占空比中亮度分为3级，依次占每一级占空比的1/3、2/3、1. 
  18          volatile led_t xdata led_config_set;
  19          
  20          #define COLOR_5LEVEL_LUMINS_4LEVEL      12
  21          #define COLOR_8BIT_LUMINS_4LEVEL        765
  22          
  23          void led_config_init(led_t xdata *led_config) {
  24   1          led_config -> red = 255;
  25   1          led_config -> green = 255;
  26   1          led_config -> blue = 255;
  27   1      }
  28          
  29          void led_config_cpy(led_t xdata *dest, const led_t xdata *src) {
  30   1          dest -> red = src -> red;
  31   1          dest -> green = src -> green;
  32   1          dest -> blue = src -> blue;
  33   1      }
  34          
  35          
  36          
  37          // 256 color * 4 lumins 
  38          void led_color_8bit(const led_t xdata *led_config) 
  39          {
  40   1          PWMx_Setup_DutyCycle_Based(PWM_R, led_config->red * 100 >> 8, 100);
  41   1          PWMx_Setup_DutyCycle_Based(PWM_G, led_config->green * 100 >> 8, 100);
  42   1          PWMx_Setup_DutyCycle_Based(PWM_B, led_config->blue * 100 >> 8, 100);
  43   1      }
  44          
  45          
  46          


MODULE INFORMATION:   STATIC OVERLAYABLE
   CODE SIZE        =    154    ----
   CONSTANT SIZE    =   ----    ----
   XDATA SIZE       =      3       2
   PDATA SIZE       =   ----    ----
   DATA SIZE        =   ----    ----
   IDATA SIZE       =   ----    ----
C51 COMPILER V9.52.0.0   LED                                                               03/03/2016 15:49:52 PAGE 2   

   BIT SIZE         =   ----    ----
   EDATA SIZE       =   ----    ----
   HDATA SIZE       =   ----    ----
   XDATA CONST SIZE =   ----    ----
   FAR CONST SIZE   =   ----    ----
END OF MODULE INFORMATION.


C51 COMPILATION COMPLETE.  0 WARNING(S),  0 ERROR(S)
