C51 COMPILER V9.52.0.0   MUSIC                                                             03/03/2016 15:49:52 PAGE 1   


C51 COMPILER V9.52.0.0, COMPILATION OF MODULE MUSIC
OBJECT MODULE PLACED IN music.OBJ
COMPILER INVOKED BY: C:\Keil\C51\BIN\C51.EXE music.c LARGE OMF2 BROWSE DEBUG TABS(2)

line level    source

   1          #include "music.h"
   2          #include "utils.h"
   3          #include "ble.h"
   4          
   5          volatile music_t xdata music_config_set;
   6          volatile music_status_t xdata music_status = 0;
   7          
   8          //                                 0,     1,   0    1     0    1     0    1     0     1      0
   9          u16 music_volume_signal[13] = {0x8300, 0xF830, 0, 0xFC18, 0, 0xFC18, 0, 0xFC18, 0, 0xFC18, 0, 0xFC18, 0xFC
             -18};
  10          
  11          u8 volume_config_start = 0;
  12          u8 volume_work_on = 0;
  13          
  14          //                                 0,      1,     0      1       0      1      0      1      0     1
  15          u16 music_control_signal[13] ={0x8300, 0xF830, 0, 0xFC18, 0, 0xFC18, 0, 0xFC18, 0, 0xFC18, 0, 0xFC18, 0xFC
             -18};
  16          u8 control_config_start = 0;
  17          u8 control_work_on = 0;
  18          
  19          void init_music_cotrol() {
  20   1          Timer1_12T();
  21   1          Timer1_AsTimer();
  22   1          Timer1_16bitAutoReload();
  23   1          T1_Load(0xF830);
  24   1          Timer1_InterruptEnable();
  25   1          Timer1_Stop();
  26   1          // Timer1_Run();
  27   1          push_pull(1, 0x10); // Ê≠åÊõ≤
  28   1        push_pull(1, 0x08); // Â£∞Èü≥
  29   1        push_pull(1, 0x02); // MUTE
  30   1        MUTE = 0;
  31   1      }
  32          
  33          // ÈÄâÊõ≤Êé•Êî∂ÔºöÊî∂Âà∞ÂØπÂ∫îÁ†ÅÊâßË°åÂØπÂ∫îÂäüËÉΩ„ÄÇ
  34          // Êï∞ÊçÆÁ†ÅÔºö0001ÔºåÂçïÊõ≤Âæ™ÁéØÁ¨¨1È¶ñËØ≠Èü≥
  35          //     0010ÔºåÂçïÊõ≤Âæ™ÁéØÁ¨¨2È¶ñËØ≠Èü≥
  36          //     0011ÔºåÂçïÊõ≤Âæ™ÁéØÁ¨¨3È¶ñËØ≠Èü≥
  37          //     0100ÔºåÂçïÊõ≤Âæ™ÁéØÁ¨¨4È¶ñËØ≠Èü≥
  38          //     0101ÔºåÂçïÊõ≤Âæ™ÁéØÁ¨¨5È¶ñËØ≠Èü≥
  39          //     0110ÔºåÂçïÊõ≤Âæ™ÁéØÁ¨¨6È¶ñËØ≠Èü≥
  40          //     0111ÔºåÊöÇÂÅúÊí≠Êîæ
  41          //     1000ÔºåÊí≠ÊîæËØ≠Èü≥
  42          //     1001Ôºå‰∏ä‰∏ÄÊõ≤
  43          //     1010Ôºå‰∏ã‰∏ÄÊõ≤
  44          //     1111ÔºåÂÖ®ÈÉ®Âæ™ÁéØÔºå6È¶ñËØ≠Èü≥Âæ™ÁéØÊí≠ÊîæÔºåÊØèÈ¶ñÊí≠Êîæ‰∏ÄÊ¨°
  45          
  46          // Èü≥ÈáèÊé•Êî∂ÔºöÊî∂Âà∞ÂØπÂ∫îÁ†ÅÂàáÊç¢ÂØπÂ∫îÈü≥ÈáèÔºåÊÄªÂÖ±16Á∫ßÈü≥ÈáèÔºåÊúÄÂ∞èÁ∫ß‰∏∫ÈùôÈü≥ÔºàÂπ∂ÂÖ≥Èó≠Âä
             -üÊîæÔºâ„ÄÇ
  47          // Êï∞ÊçÆÁ†ÅÔºö0000ÔºåÁ¨¨1Á∫ßÈü≥Èáè
  48          // 0001ÔºåÁ¨¨2Á∫ßÈü≥Èáè
  49          //     0010ÔºåÁ¨¨3Á∫ßÈü≥Èáè
  50          //     0011ÔºåÁ¨¨4Á∫ßÈü≥Èáè
  51          //     0100ÔºåÁ¨¨5Á∫ßÈü≥Èáè
  52          //     0101ÔºåÁ¨¨6Á∫ßÈü≥Èáè
C51 COMPILER V9.52.0.0   MUSIC                                                             03/03/2016 15:49:52 PAGE 2   

  53          //     0110ÔºåÁ¨¨7Á∫ßÈü≥Èáè
  54          //     0111ÔºåÁ¨¨8Á∫ßÈü≥Èáè
  55          //     1000ÔºåÁ¨¨9Á∫ßÈü≥Èáè
  56          //     1001ÔºåÁ¨¨10Á∫ßÈü≥Èáè
  57          //     1010ÔºåÁ¨¨11Á∫ßÈü≥Èáè
  58          //     1011ÔºåÁ¨¨12Á∫ßÈü≥Èáè
  59          //     1100ÔºåÁ¨¨13Á∫ßÈü≥Èáè
  60          //     1101ÔºåÁ¨¨14Á∫ßÈü≥Èáè
  61          //     1110ÔºåÁ¨¨15Á∫ßÈü≥Èáè
  62          //     1111ÔºåÁ¨¨16Á∫ßÈü≥Èáè
  63          
  64          
  65          void music_select_10bit()
  66          {
  67   1        u8 i, from = 2;
  68   1        u8 odd = 0;
  69   1        u8 data_mask = 0x08;
  70   1        music_select_t music_select_value = music_config_set.music_select;
  71   1        for(i = 0; i < 4; i++)
  72   1        {
  73   2          if(music_select_value & data_mask)
  74   2          {
  75   3            odd++;
  76   3            music_control_signal[from] = 0xF448;
  77   3          }
  78   2          else
  79   2            music_control_signal[from] = 0xFC18;
  80   2          from += 2;
  81   2          data_mask >>= 1;
  82   2        }
  83   1        if(!(odd % 2))
  84   1          music_control_signal[from] = 0xFC18;
  85   1        else
  86   1          music_control_signal[from] = 0xF448;
  87   1      }
  88          
  89          void music_control_config()
  90          {
  91   1        music_select_10bit();
  92   1        control_config_start = 0;
  93   1        control_work_on = 1;
  94   1        T1_Load(music_control_signal[control_config_start]);
  95   1        Timer1_Run();
  96   1        SONG_SELECT = 0;  
  97   1      }
  98          
  99          void music_volume_10bit()
 100          {
 101   1        u8 i, from = 2;
 102   1        u8 odd = 0;
 103   1        u8 data_mask = 0x08;
 104   1        music_select_t music_volume_value = music_config_set.music_volume;
 105   1        for(i = 0; i < 4; i++)
 106   1        {
 107   2          if(music_volume_value & data_mask)
 108   2          {
 109   3            music_volume_signal[from] = 0xF448;
 110   3            odd++;
 111   3          }
 112   2          else
 113   2            music_volume_signal[from] = 0xFC18;
 114   2          from += 2;
C51 COMPILER V9.52.0.0   MUSIC                                                             03/03/2016 15:49:52 PAGE 3   

 115   2          data_mask >>= 1;
 116   2      
 117   2        }
 118   1        if(!(odd % 2))
 119   1          music_volume_signal[from] = 0xFC18;
 120   1        else
 121   1          music_volume_signal[from] = 0xF448;
 122   1      
 123   1      }
 124          
 125          void music_volume_config()
 126          {
 127   1        music_volume_10bit();
 128   1        volume_config_start = 0;
 129   1        volume_work_on = 1;
 130   1        VOLUME = 0;
 131   1        T1_Load(music_volume_signal[volume_config_start]);
 132   1        Timer1_Run(); 
 133   1      }
 134          
 135          // void Delay16ms()   //@24.000MHz
 136          // {
 137          //  unsigned char i, j, k;
 138          
 139          //  _nop_();
 140          //  _nop_();
 141          //  i = 2;
 142          //  j = 118;
 143          //  k = 132;
 144          //  do
 145          //  {
 146          //    do
 147          //    {
 148          //      while (--k);
 149          //    } while (--j);
 150          //  } while (--i);
 151          // }
 152          
 153          // void Delay1ms()    //@24.000MHz
 154          // {
 155          //  unsigned char i, j;
 156          
 157          //  i = 24;
 158          //  j = 85;
 159          //  do
 160          //  {
 161          //    while (--j);
 162          //  } while (--i);
 163          // }
 164          
 165          // void Delay500us()    //@24.000MHz
 166          // {
 167          //  unsigned char i, j;
 168          
 169          //  i = 12;
 170          //  j = 169;
 171          //  do
 172          //  {
 173          //    while (--j);
 174          //  } while (--i);
 175          // }
 176          
C51 COMPILER V9.52.0.0   MUSIC                                                             03/03/2016 15:49:52 PAGE 4   

 177          // void Delay1500us()   //@24.000MHz
 178          // {
 179          //  unsigned char i, j;
 180          
 181          //  i = 36;
 182          //  j = 1;
 183          //  do
 184          //  {
 185          //    while (--j);
 186          //  } while (--i);
 187          // }
 188          
 189          // void select_song()
 190          // {
 191          //  SONG_SELECT = 0;
 192          //  Delay16ms();
 193          //  SONG_SELECT = 1;
 194          //  Delay1ms();
 195          //  // 0
 196          //  SONG_SELECT = 0;
 197          //  Delay500us();
 198          //  SONG_SELECT = 1;
 199          //  Delay500us();
 200          
 201          //  // 0
 202          //  SONG_SELECT = 0;
 203          //  Delay500us();
 204          //  SONG_SELECT = 1;
 205          //  Delay500us();
 206          
 207          //  // 0
 208          //  SONG_SELECT = 0;
 209          //  Delay500us();
 210          //  SONG_SELECT = 1;
 211          //  Delay500us();
 212          
 213          //  // 1
 214          //  SONG_SELECT = 0;
 215          //  Delay1500us();
 216          //  SONG_SELECT = 1;
 217          //  Delay500us();
 218          
 219          //  SONG_SELECT = 0;
 220          //  Delay1500us();
 221          //  SONG_SELECT = 1;
 222          //  Delay500us();
 223          
 224          //  //ÁªìÊùüÁ¨¶
 225          //  SONG_SELECT = 0;
 226          //  Delay500us();
 227          
 228          //  // ÁΩÆÈ´ò
 229          //  SONG_SELECT = 1;
 230          // }
 231          
 232          void music_config_init()
 233          {
 234   1        if(!music_status)
 235   1        {
 236   2          music_config_set.music_select = 1;
 237   2          music_control_config();
 238   2          music_status = 1;
C51 COMPILER V9.52.0.0   MUSIC                                                             03/03/2016 15:49:52 PAGE 5   

 239   2        }
 240   1      }
 241          
 242          void music_select_songs(music_select_t select_number)
 243          {
 244   1        music_config_set.music_select = select_number;
 245   1        music_control_config();
 246   1      }
 247          
 248          void music_select_volume(music_volume_t *volume_number)
 249          {
 250   1        if(volume_number[5] == '\n')
 251   1          music_config_set.music_volume = volume_number[4] - '0';
 252   1        else
 253   1          music_config_set.music_volume = (volume_number[4] - '0') * 10 + (volume_number[5] - '0');
 254   1        music_volume_config();
 255   1      }
 256          
 257          void music_switch_on_off(music_status_t status_on)
 258          {
 259   1        if(!status_on)
 260   1        {
 261   2          music_status = OFF;
 262   2          MUTE = 0;
 263   2        }
 264   1        else
 265   1        {
 266   2          music_status = ON;
 267   2          MUTE = 1;
 268   2        }
 269   1      
 270   1      }
 271          
 272          
 273          
 274          
 275          void tm1_isr() interrupt TIMER1_VECTOR  using 2
 276          {
 277   1        if(control_work_on)
 278   1        {
 279   2          control_config_start ++;
 280   2          Timer1_Stop();
 281   2          if(control_config_start == 13)
 282   2          {
 283   3            control_config_start = 0;
 284   3            control_work_on = 0;
 285   3          }
 286   2          else
 287   2          {
 288   3            T1_Load(music_control_signal[control_config_start]);
 289   3            Timer1_Run();
 290   3          }
 291   2          SONG_SELECT = ~SONG_SELECT;
 292   2        }
 293   1      
 294   1        if(volume_work_on)
 295   1        {
 296   2          volume_config_start ++;
 297   2          Timer1_Stop();
 298   2          if(volume_config_start == 13)
 299   2          {
 300   3            volume_config_start = 0;
C51 COMPILER V9.52.0.0   MUSIC                                                             03/03/2016 15:49:52 PAGE 6   

 301   3            volume_work_on = 0;
 302   3          }
 303   2          else
 304   2          {
 305   3            T1_Load(music_volume_signal[volume_config_start]);
 306   3            Timer1_Run();
 307   3          }
 308   2          VOLUME = ~VOLUME;
 309   2        }
 310   1        
 311   1      }
 312          
 313          
 314          


MODULE INFORMATION:   STATIC OVERLAYABLE
   CODE SIZE        =    567    ----
   CONSTANT SIZE    =   ----    ----
   XDATA SIZE       =     59    ----
   PDATA SIZE       =   ----    ----
   DATA SIZE        =   ----    ----
   IDATA SIZE       =   ----    ----
   BIT SIZE         =   ----    ----
   EDATA SIZE       =   ----    ----
   HDATA SIZE       =   ----    ----
   XDATA CONST SIZE =   ----    ----
   FAR CONST SIZE   =   ----    ----
END OF MODULE INFORMATION.


C51 COMPILATION COMPLETE.  0 WARNING(S),  0 ERROR(S)
