C51 COMPILER V9.52.0.0   POWER                                                             03/03/2016 15:49:53 PAGE 1   


C51 COMPILER V9.52.0.0, COMPILATION OF MODULE POWER
OBJECT MODULE PLACED IN power.OBJ
COMPILER INVOKED BY: C:\Keil\C51\BIN\C51.EXE power.c LARGE OMF2 BROWSE DEBUG TABS(2)

line level    source

   1          #include "power.h"
   2          #include "utils.h"
   3          
   4          volatile bool power_status;
   5          volatile power_level_t xdata power_level;
   6           
   7          
   8          void power_config_init() {
   9   1          power_status = OFF;
  10   1          power_level = 4;
  11   1          POWER_IN = 0;  
  12   1          push_pull(0,0x01);
  13   1          pure_input(1, 0x80);
  14   1          pure_input(3, 0x04);
  15   1          // INT0 = 1;
  16   1          // IT0 = 0;                    //  设置INT0的中断类型 (1:仅下降沿 0:上升沿和下降沿)
  17   1          // EX0 = ENABLE; 
  18   1      }
  19          
  20          void power_switch_on_off(u8 on)
  21          {
  22   1        if(!on)
  23   1        {
  24   2          power_status = OFF;
  25   2          POWER_IN = 0;
  26   2        }
  27   1        else
  28   1        {
  29   2          power_status = ON;
  30   2          POWER_IN = 1;
  31   2        }
  32   1      }
  33          
  34          void power_level_8bit(const power_level_t xdata power_config) 
  35          {
  36   1          if(power_config == 4)
  37   1            PWMx_Setup_DutyCycle(PWM_CTL, 100);
  38   1          else if(power_config == 3)
  39   1            PWMx_Setup_DutyCycle(PWM_CTL, 58);
  40   1          else if(power_config == 2)
  41   1            PWMx_Setup_DutyCycle(PWM_CTL, 57);
  42   1          else if(power_config == 1)
  43   1            PWMx_Setup_DutyCycle(PWM_CTL, 56);
  44   1          else if(power_config == 0)
  45   1            PWMx_Setup_DutyCycle(PWM_CTL, 0);
  46   1      }
  47          
  48          void power_select_level(power_level_t power_level_set)
  49          {
  50   1        power_level = power_level_set;
  51   1        power_level_8bit(power_level);
  52   1      }
  53          
  54          
  55          
C51 COMPILER V9.52.0.0   POWER                                                             03/03/2016 15:49:53 PAGE 2   

  56          void power_detect()
  57          {
  58   1        if(POWER_OUT)
  59   1        {
  60   2          power_status = OFF;
  61   2          POWER_IN = 0;
  62   2        }
  63   1      }
  64          
  65          //中断0
  66          // void exint0() interrupt INT0_VECTOR  using 3 //INT1中断入口
  67          // {
  68          //  if(INT0)
  69          //  {
  70          //    power_status = OFF;
  71          //    POWER_IN = 0;
  72          //  }
  73          // }


MODULE INFORMATION:   STATIC OVERLAYABLE
   CODE SIZE        =    118    ----
   CONSTANT SIZE    =   ----    ----
   XDATA SIZE       =      1       1
   PDATA SIZE       =   ----    ----
   DATA SIZE        =   ----    ----
   IDATA SIZE       =   ----    ----
   BIT SIZE         =      1    ----
   EDATA SIZE       =   ----    ----
   HDATA SIZE       =   ----    ----
   XDATA CONST SIZE =   ----    ----
   FAR CONST SIZE   =   ----    ----
END OF MODULE INFORMATION.


C51 COMPILATION COMPLETE.  0 WARNING(S),  0 ERROR(S)
