C51 COMPILER V9.52.0.0   SYNC                                                              03/03/2016 15:49:51 PAGE 1   


C51 COMPILER V9.52.0.0, COMPILATION OF MODULE SYNC
OBJECT MODULE PLACED IN sync.OBJ
COMPILER INVOKED BY: C:\Keil\C51\BIN\C51.EXE sync.c LARGE OMF2 BROWSE DEBUG TABS(2)

line level    source

   1          #include "sync.h"
   2          #include "task.h"
   3          #include "config.h"
   4          #include "utils.h"
   5          #include "ble.h"
   6          
   7          #define T200Hz  (MAIN_Fosc / 12 / 200)
   8          #define Timer0_Reload   (65536UL - T200Hz)
   9          
  10          
  11          volatile cycle_control_t xdata led_flicker;  
  12          static u8 key_task_interval = KEY_SCAN_TASK_INTERVAL;
  13          
  14          
  15          void init_sync_object() {
  16   1          led_flicker.cycle_enable = ON;
  17   1          led_flicker.counter_for_cycle = 0;
  18   1      }
  19          
  20          
  21          void init_system_tick() {
  22   1          Timer0_12T();
  23   1          Timer0_AsTimer();
  24   1          Timer0_16bitAutoReload();
  25   1          T0_Load(0xD8F0);
  26   1          Timer0_InterruptEnable();
  27   1          Timer0_Run();
  28   1      }
  29          
  30          void sync_with_alert() // 2ms @24.000MHz
  31          {
  32   1          unsigned char i, j;
  33   1          i = 47;
  34   1          j = 174;
  35   1          do
  36   1          {
  37   2              while (--j);
  38   2          } while (--i);
  39   1      }
  40          
  41          void cycle_based_control() {
  42   1          // cycle_control_t
  43   1          if (led_flicker.cycle_enable) {
  44   2              ++led_flicker.counter_for_cycle;
  45   2          }
  46   1      
  47   1      }
  48          
  49          // 
  50          void tm0_isr() interrupt TIMER0_VECTOR  using 1
  51          {    
  52   1          INT_PROC |= TICK_DUTY;
  53   1          // 
  54   1          if (!--key_task_interval) {
  55   2              INT_PROC |= KEY_DUTY;
C51 COMPILER V9.52.0.0   SYNC                                                              03/03/2016 15:49:51 PAGE 2   

  56   2              key_task_interval = KEY_SCAN_TASK_INTERVAL;
  57   2          }
  58   1      }


MODULE INFORMATION:   STATIC OVERLAYABLE
   CODE SIZE        =    106    ----
   CONSTANT SIZE    =   ----    ----
   XDATA SIZE       =      5    ----
   PDATA SIZE       =   ----    ----
   DATA SIZE        =   ----    ----
   IDATA SIZE       =   ----    ----
   BIT SIZE         =   ----    ----
   EDATA SIZE       =   ----    ----
   HDATA SIZE       =   ----    ----
   XDATA CONST SIZE =   ----    ----
   FAR CONST SIZE   =   ----    ----
END OF MODULE INFORMATION.


C51 COMPILATION COMPLETE.  0 WARNING(S),  0 ERROR(S)
