C51 COMPILER V9.52.0.0   COM_1                                                             01/12/2016 10:47:31 PAGE 1   


C51 COMPILER V9.52.0.0, COMPILATION OF MODULE COM_1
OBJECT MODULE PLACED IN com_1.OBJ
COMPILER INVOKED BY: D:\Keil\C51\BIN\C51.EXE com_1.c COMPACT OMF2 OPTIMIZE(9,SPEED) BROWSE DEBUG TABS(2)

line level    source

   1          /*  
   2          * STC-ISP导入芯片信息至Keil
   3          * 采用STC15W404AS系列
   4          * 假定测试芯片的工作频率为18.432MHz
   5          */
   6          
   7          #include "led.h"
   8          #include "sync.h"
   9          #include "display.h"
  10          #include "shared.h"
  11          #include "e2prom.h"
  12          
  13          #define disable_all_interrupt() EA = 0
  14          #define enable_all_interrupt() EA = 1
  15          
  16          static void init_system_component();
  17          
  18          #define IO_LED_LEFT     0x40  // P3.6
  19          #define IO_LED_RIGHT    0x80  // P3.7
  20          #define IO_P33          0x08    // P3.3
  21          #define IO_INT      0x04  // P3.2
  22          
  23          
  24          
  25          void SendData(u8 dat)
  26          {
  27   1          while (!TI);                  
  28   1          TI = 0;                        
  29   1          SBUF = dat;                    
  30   1      }
  31          
  32          
  33          void InitUart()
  34          {
  35   1          SCON = 0x5a;                                
  36   1          T2L = 0x20;                 
  37   1          T2H = 0xfe; 
  38   1          AUXR = 0x14;               
  39   1          AUXR |= 0x01;
  40   1      }
  41          
  42          void require_delay_init() {
  43   1        set_push_pull_output_on3(IO_LED_LEFT);
  44   1        set_push_pull_output_on3(IO_LED_RIGHT);
  45   1          set_push_pull_output_on3(IO_P33);
  46   1        set_input_only_on3(IO_INT);
  47   1      //    P36 = 0;
  48   1      //    P37 = 0;
  49   1      }
  50          
  51          static void
  52          detect_current_state() {
  53   1        u8 display_mode = (~P10);
  54   1        display_mode = display_mode << 1 | (~P11);
  55   1        display_mode = display_mode << 1 | (~P12);
C51 COMPILER V9.52.0.0   COM_1                                                             01/12/2016 10:47:31 PAGE 2   

  56   1        display_mode = display_mode << 1 | (~P13);
  57   1          // display_mode = 0;
  58   1        if(display_mode == 0x00)
  59   1        {
  60   2          display_mode_set = bi_directional_storbing;
  61   2          // 从EEPROM取值
  62   2          display_mode_logic = EEPROM_read(IAP_ADDRESS);
  63   2          if(!display_mode_logic || display_mode_logic >= 13)
  64   2            display_mode_logic = 2;
  65   2        }
  66   1          else if(display_mode == 0x0F)
  67   1          {
  68   2              display_mode_set = display_mode;
  69   2              display_mode_logic = 2;
  70   2          }
  71   1        else
  72   1          display_mode_set = display_mode;
  73   1        display_mode_set_changed();  
  74   1      }
  75          
  76          void main()
  77          {
  78   1        u8 time_counter_for_cycle = 4;
  79   1          disable_all_interrupt();
  80   1        //设置输出口、中断
  81   1        require_delay_init();
  82   1        InitUart();
  83   1        init_system_component();
  84   1        //初始化端口
  85   1        P33 = 0;
  86   1        enable_all_interrupt();
  87   1        //检测当前状态
  88   1        detect_current_state();
  89   1          while(1) {
  90   2            // Feed dog
  91   2            reset_watch_dog();
  92   2            // 驱动灯光开关
  93   2       //     toggle_once();
  94   2            // 5ms system tick-tock
  95   2            if (INT_PROC & TICK_DUTY) {
  96   3              cycle_based_adjust(counter_for_cycle);
  97   3                  INT_PROC &= ~TICK_DUTY;
  98   3       //       continue;
  99   3            }
 100   2      
 101   2            if (INT_PROC & EXINT_PROC) {
 102   3                  EX0 = 0;
 103   3       //           SendData(time_counter>>8);
 104   3       //           SendData(time_counter);
 105   3              if(time_counter <= 80)
 106   3                  {
 107   4                if(display_mode_set == combination)
 108   4                      {
 109   5                          -- time_counter_for_cycle;
 110   5                      }
 111   4                      // 循环四次跳至下一个功能
 112   4                      if(!time_counter_for_cycle)
 113   4                      {
 114   5                          display_mode_logic++;
 115   5                          time_counter_for_cycle = 4;
 116   5                      }
 117   4                      if(display_mode_logic == 13)
C51 COMPILER V9.52.0.0   COM_1                                                             01/12/2016 10:47:31 PAGE 3   

 118   4                          display_mode_logic = 1;
 119   4       //               SendData(display_mode_logic);
 120   4                      display_mode_set_changed();
 121   4                  }
 122   3                  if(display_mode_set == bi_directional_storbing)
 123   3              {
 124   4                if(time_counter >= 4000 && time_counter < 20000){
 125   5                  display_mode_logic ++;
 126   5                          if(display_mode_logic == 13)
 127   5                              display_mode_logic = 1;
 128   5                      }
 129   4                if(time_counter >= 40000)
 130   4                  display_mode_logic = 2;
 131   4                      EEPROM_SectorErase(IAP_ADDRESS);
 132   4                EEPROM_write(IAP_ADDRESS, display_mode_logic);
 133   4      //                SendData(display_mode_logic);
 134   4                display_mode_set_changed();
 135   4              }
 136   3              time_counter = 0;
 137   3              INT_PROC &= ~EXINT_PROC;
 138   3                  EX0 = 1;
 139   3              continue;
 140   3            }
 141   2          }
 142   1      }
 143          
 144          static void
 145          init_system_component() {
 146   1        init_sync_timer();
 147   1        init_ac_driver();
 148   1      }
 149          


MODULE INFORMATION:   STATIC OVERLAYABLE
   CODE SIZE        =    377    ----
   CONSTANT SIZE    =   ----    ----
   XDATA SIZE       =   ----    ----
   PDATA SIZE       =   ----       2
   DATA SIZE        =   ----    ----
   IDATA SIZE       =   ----    ----
   BIT SIZE         =   ----    ----
   EDATA SIZE       =   ----    ----
   HDATA SIZE       =   ----    ----
   XDATA CONST SIZE =   ----    ----
   FAR CONST SIZE   =   ----    ----
END OF MODULE INFORMATION.


C51 COMPILATION COMPLETE.  0 WARNING(S),  0 ERROR(S)
