C51 COMPILER V9.52.0.0   E2PROM                                                            01/12/2016 10:47:31 PAGE 1   


C51 COMPILER V9.52.0.0, COMPILATION OF MODULE E2PROM
OBJECT MODULE PLACED IN e2prom.OBJ
COMPILER INVOKED BY: D:\Keil\C51\BIN\C51.EXE e2prom.c COMPACT OMF2 OPTIMIZE(9,SPEED) BROWSE DEBUG TABS(2)

line level    source

   1          #include "e2prom.h"
   2          #include "stc15w408as.h"
   3          #include "intrins.h"
   4          #include "def.h"
   5          void DisableEEPROM(void)
   6          {
   7   1          IAP_CONTR = 0;          //禁止ISP/IAP操作
   8   1          IAP_CMD   = 0;          //去除ISP/IAP命令
   9   1          IAP_TRIG  = 0;          //防止ISP/IAP命令误触发
  10   1          IAP_ADDRH = 0xff;       //清0地址高字节
  11   1          IAP_ADDRL = 0xff;       //清0地址低字节，指向非EEPROM区，防止误操作
  12   1      }
  13          u8 EEPROM_read(u16 EE_address)
  14          {
  15   1          u8 dat;
  16   1          IAP_CONTR = ENABLE_IAP;
  17   1          IAP_CMD = CMD_READ;
  18   1          IAP_ADDRL = EE_address;
  19   1          IAP_ADDRH = EE_address >> 8;
  20   1          IAP_TRIG = 0x5a;
  21   1          IAP_TRIG = 0xa5;
  22   1          _nop_();
  23   1          dat = IAP_DATA;
  24   1          DisableEEPROM();
  25   1          return dat;
  26   1      }
  27          
  28          void EEPROM_SectorErase(u16 EE_address)
  29          {
  30   1          IAP_CONTR = ENABLE_IAP;  //设置等待时间，允许ISP/IAP操作，送一次就够
  31   1          IAP_CMD = CMD_ERASE;     //送字节写命令，命令不需改变时，不需重新送命令
  32   1          IAP_ADDRL = EE_address;
  33   1          IAP_ADDRH = EE_address >> 8;
  34   1          IAP_TRIG = 0x5a;
  35   1          IAP_TRIG = 0xa5;
  36   1          _nop_();
  37   1          DisableEEPROM();
  38   1      }
  39          
  40          void EEPROM_write(u16 EE_address,u8 dat)
  41          {
  42   1      
  43   1          IAP_CONTR = ENABLE_IAP;  //设置等待时间，允许ISP/IAP操作，送一次就够
  44   1          IAP_CMD = CMD_PROGRAM;   //送字节写命令，命令不需改变时，不需重新送命令
  45   1          IAP_ADDRL = EE_address;
  46   1          IAP_ADDRH = EE_address >> 8;
  47   1        IAP_DATA = dat;
  48   1          IAP_TRIG = 0x5a;
  49   1          IAP_TRIG = 0xa5;
  50   1          _nop_();
  51   1          DisableEEPROM();
  52   1      }
  53          


C51 COMPILER V9.52.0.0   E2PROM                                                            01/12/2016 10:47:31 PAGE 2   

MODULE INFORMATION:   STATIC OVERLAYABLE
   CODE SIZE        =     77    ----
   CONSTANT SIZE    =   ----    ----
   XDATA SIZE       =   ----    ----
   PDATA SIZE       =   ----    ----
   DATA SIZE        =   ----    ----
   IDATA SIZE       =   ----    ----
   BIT SIZE         =   ----    ----
   EDATA SIZE       =   ----    ----
   HDATA SIZE       =   ----    ----
   XDATA CONST SIZE =   ----    ----
   FAR CONST SIZE   =   ----    ----
END OF MODULE INFORMATION.


C51 COMPILATION COMPLETE.  0 WARNING(S),  0 ERROR(S)
