C51 COMPILER V9.52.0.0   SHARE                                                             03/03/2016 19:04:48 PAGE 1   


C51 COMPILER V9.52.0.0, COMPILATION OF MODULE SHARE
OBJECT MODULE PLACED IN share.OBJ
COMPILER INVOKED BY: C:\Keil\C51\BIN\C51.EXE share.c DEBUG OBJECTEXTEND TABS(2)

line level    source

   1          #include "stc15wxxxx.h"
   2          #include "share.h"
   3          #include "utils.h"
   4          volatile u8 display_code[20]={0x00,0x00,0x00,0x00,0x00,0x00,0x00,0x00,0x00,0x00,0x00,0x00,0x00,0x00,0x00,0
             -x00,0x00,0x00,0x00,0x00};
   5          
   6          //0：解锁 ————    ————
   7          //        ————
   8          //1：寻车
   9          //2：关锁
  10          //3：报警1 4s
  11          //4：报警2 15s
  12          //5：启动  1s
  13          volatile u8 speak_time_interval[7] ={50, 200, 10, 10, 10, 50, 50};
  14          
  15          volatile bit time_colon_icon = 1;
  16          
  17          volatile time_t xdata local_time;
  18          
  19          volatile bit enter_lock_state_2s = NO;
  20          volatile bit enter_lock_state_15s = NO;
  21          volatile bit first_alert = 0;
  22          
  23          volatile u8 state_current = LOCK_STATE;
  24          
  25          
  26          
  27          volatile u16 speak_mode_set = 0; 
  28          
  29          volatile speak_t speak_mode; 
  30          
  31          
  32          volatile u16 speak_time = 0;
  33          volatile u8 interval = 0;
  34          
  35          volatile u16 speed_counter = 0;  
  36          


MODULE INFORMATION:   STATIC OVERLAYABLE
   CODE SIZE        =   ----    ----
   CONSTANT SIZE    =   ----    ----
   XDATA SIZE       =      3    ----
   PDATA SIZE       =   ----    ----
   DATA SIZE        =     36    ----
   IDATA SIZE       =   ----    ----
   BIT SIZE         =      4    ----
END OF MODULE INFORMATION.


C51 COMPILATION COMPLETE.  0 WARNING(S),  0 ERROR(S)
