C51 COMPILER V9.52.0.0   USART                                                             03/03/2016 19:04:48 PAGE 1   


C51 COMPILER V9.52.0.0, COMPILATION OF MODULE USART
OBJECT MODULE PLACED IN usart.OBJ
COMPILER INVOKED BY: C:\Keil\C51\BIN\C51.EXE usart.c DEBUG OBJECTEXTEND TABS(2)

line level    source

   1          #include "usart.h"
   2          #include "string.h"
   3          #define BaudRateTimer 0xFD8F
   4          
   5          static bool share_timer2_init_finish = FALSE;
   6          
   7          volatile COMx_Define xdata COM2;
   8          void USART_Share_Timer2() {
   9   1          if (!share_timer2_init_finish) {
  10   2              Timer2_Stop();              //Timer stop
  11   2              
  12   2              Timer2_AsTimer();           //Timer2 set As Timer
  13   2              Timer2_1T() ;               //Timer2 set as 1T mode
  14   2              T2_Load(BaudRateTimer);
  15   2              Timer2_InterruptDisable();  //禁止中断
  16   2              
  17   2              Timer2_Run();               //Timer run enable
  18   2      
  19   2              share_timer2_init_finish = TRUE;
  20   2          }
  21   1      }
  22          
  23          void USART_Init(COMx_Define xdata *com)
  24          {
  25   1          com->TX_read = 0;
  26   1          com->TX_write = 0;
  27   1          com->B_TX_busy = 0;
  28   1          com->RX_Cnt = 0;
  29   1          com->RX_TimeOut = 0;
  30   1          com->B_RX_OK = 0;
  31   1      }


MODULE INFORMATION:   STATIC OVERLAYABLE
   CODE SIZE        =     73    ----
   CONSTANT SIZE    =   ----    ----
   XDATA SIZE       =      6    ----
   PDATA SIZE       =   ----    ----
   DATA SIZE        =   ----    ----
   IDATA SIZE       =   ----    ----
   BIT SIZE         =      1    ----
END OF MODULE INFORMATION.


C51 COMPILATION COMPLETE.  0 WARNING(S),  0 ERROR(S)
