C51 COMPILER V9.52.0.0   SYNC                                                              01/17/2017 13:47:50 PAGE 1   


C51 COMPILER V9.52.0.0, COMPILATION OF MODULE SYNC
OBJECT MODULE PLACED IN sync.OBJ
COMPILER INVOKED BY: C:\Keil\C51\BIN\C51.EXE sync.c OMF2 BROWSE DEBUG TABS(2)

line level    source

   1          #include "sync.h"
   2          #include "task.h"
   3          #include "utils.h"
   4          #include "power.h"
   5          #include "lm567.h"
   6          
   7          u8 idata key_task_interval = KEY_SCAN_TASK_INTERVAL;
   8          
   9          void init_system_tick() {
  10   1          Timer0_12T();
  11   1          Timer0_AsTimer();
  12   1          Timer0_16bitAutoReload();
  13   1          // T0_Load(0xD8F0);
  14   1          T0_Load(0xF700);
  15   1          Timer0_InterruptEnable();
  16   1          Timer0_Run();
  17   1      }
  18          
  19          
  20          
  21          void sync_with_alert() // 2ms @24.000MHz
  22          {
  23   1          unsigned char i, j;
  24   1          i = 47;
  25   1          j = 174;
  26   1          do
  27   1          {
  28   2              while (--j);
  29   2          } while (--i);
  30   1      }
  31          
  32          // 
  33          void tm0_isr() interrupt TIMER0_VECTOR  using 1
  34          {    
  35   1          INT_PROC |= TICK_DUTY;
  36   1          if (!--key_task_interval) {
  37   2              INT_PROC |= KEY_DUTY;
  38   2              key_task_interval = KEY_SCAN_TASK_INTERVAL;
  39   2          }
  40   1      }


MODULE INFORMATION:   STATIC OVERLAYABLE
   CODE SIZE        =     71    ----
   CONSTANT SIZE    =   ----    ----
   XDATA SIZE       =   ----    ----
   PDATA SIZE       =   ----    ----
   DATA SIZE        =   ----    ----
   IDATA SIZE       =      1    ----
   BIT SIZE         =   ----    ----
   EDATA SIZE       =   ----    ----
   HDATA SIZE       =   ----    ----
   XDATA CONST SIZE =   ----    ----
   FAR CONST SIZE   =   ----    ----
END OF MODULE INFORMATION.

C51 COMPILER V9.52.0.0   SYNC                                                              01/17/2017 13:47:50 PAGE 2   


C51 COMPILATION COMPLETE.  0 WARNING(S),  0 ERROR(S)
