C51 COMPILER V9.52.0.0   74HC595                                                           08/23/2016 22:56:22 PAGE 1   


C51 COMPILER V9.52.0.0, COMPILATION OF MODULE 74HC595
OBJECT MODULE PLACED IN 74hc595.OBJ
COMPILER INVOKED BY: C:\Keil\C51\BIN\C51.EXE 74hc595.c DEBUG OBJECTEXTEND TABS(2)

line level    source

   1          # include "74hc595.h"
   2          # include "share.h"
   3          # include "sync.h"
   4          # include "utils.h"
   5          # include "task.h"
   6          # include "key.h"
   7          # include "adc.h"
   8          
   9          #define NOT_DISPLAY  10
  10          
  11          #define TIME_ICON  0x14
  12          
  13          static code u8 const displaycode[12] = {0x3F, 0x06, 0x5B, 0x4F, 0x66, 0x6D, 0x7D, 0x07, 0x7F, 0x6F, 0x00, 
             -0x79};
  14                             /*    0,    1,    2,    3,    4,    5,    6,    7,    8,    9,   NOT_DISPLAY */
  15          static code u8 const comcode[6] = {0x01, 0x02, 0x04, 0x08, 0x10, 0x20};
  16                          /*  1,    2,    3,    4,    5,    6    */
  17          static code u8 const power[6] = {0x00, 0x01, 0x03, 0x0B, 0x2B, 0x6B};
  18                        /*  1,    2,    3,    4,    5,    6    */
  19          // static code u8 const color[25] = {0x03, 0x0C, 0x30, 0x0F, 0x3C, 0x33, 0x3F, 0x35, 0x2D, 0x25, 0x07, 0x1
             -7, 0x13, 0x0F, 0x1F, 0x3F, 0x33, 0x37, 0x14, 0x34, 0x32, 0x0C, 0x1C, 0x1B, 0x30};
  20          static code u8 const color[7] = {0x03, 0x0C, 0x30, 0x0F, 0x3C, 0x33, 0x3F};
  21          
  22          u8 LED8[6] = {0x00, 0x00, 0x00, 0x00, 0x00, 0x00};
  23          
  24          u8 display_index = 0;
  25          
  26          
  27          void Led_io_init(void)
  28          {
  29   1        push_pull(1, 0x02);
  30   1        push_pull(1, 0x01);
  31   1        push_pull(2, 0x80);
  32   1        push_pull(2, 0x40);
  33   1        push_pull(2, 0x20);
  34   1        push_pull(2, 0x10);
  35   1        push_pull(2, 0x04);
  36   1        push_pull(2, 0x02);
  37   1        push_pull(2, 0x01);
  38   1        push_pull(3, 0x80);
  39   1        push_pull(3, 0x40);
  40   1        push_pull(3, 0x20);
  41   1        push_pull(3, 0x10); 
  42   1      }
  43          
  44          
  45          void Delay3000ms()    //@24.000MHz
  46          {
  47   1        unsigned char i, j, k;
  48   1      
  49   1        _nop_();
  50   1        _nop_();
  51   1        i = 125;
  52   1        j = 250;
  53   1        k = 250;
C51 COMPILER V9.52.0.0   74HC595                                                           08/23/2016 22:56:22 PAGE 2   

  54   1        do
  55   1        {
  56   2          do
  57   2          {
  58   3            while (--k);
  59   3          } while (--j);
  60   2        } while (--i);
  61   1      }
  62          
  63          static void display_seg(u8 i, u8 number)
  64          {
  65   1        if(i == 0){
  66   2          DISPLAY_D(0) = number;
  67   2        }else if(i == 1){
  68   2          DISPLAY_D(1) = number;
  69   2        }else if(i == 2){
  70   2          DISPLAY_D(2) = number;
  71   2        }else if(i == 3){
  72   2          DISPLAY_D(3) = number;
  73   2        }else if(i == 4){
  74   2          DISPLAY_D(4) = number;
  75   2        }else if(i == 5){
  76   2          DISPLAY_D(5) = number;
  77   2        }else if(i == 6){
  78   2          DISPLAY_D(6) = number;
  79   2        }
  80   1      }
  81          
  82          
  83          void display_number(u8 dat)
  84          {       
  85   1          u8  i;
  86   1          for(i = 0; i < 7; i++)
  87   1          {
  88   2              if(dat & 0x01)
  89   2                display_seg(i, 1);
  90   2              else
  91   2                display_seg(i, 0);
  92   2              dat >>= 1;
  93   2          }
  94   1      }
  95          
  96          static void display_com(u8 i, u8 number)
  97          {
  98   1        if(i == 0){
  99   2          DISPLAY_C(0) = number;
 100   2        }else if(i == 1){
 101   2          DISPLAY_C(1) = number;
 102   2        }else if(i == 2){
 103   2          DISPLAY_C(2) = number;
 104   2        }else if(i == 3){
 105   2          DISPLAY_C(3) = number;
 106   2        }else if(i == 4){
 107   2          DISPLAY_C(4) = number;
 108   2        }else if(i == 5){
 109   2          DISPLAY_C(5) = number;
 110   2        }
 111   1      }
 112          
 113          void display_com_number(u8 dat)
 114          {       
 115   1          u8  i;
C51 COMPILER V9.52.0.0   74HC595                                                           08/23/2016 22:56:22 PAGE 3   

 116   1          for(i = 0; i < 6; i++)
 117   1          {
 118   2              if(dat & 0x01)
 119   2                display_com(i, 1);
 120   2              else
 121   2                display_com(i, 0);
 122   2              dat >>= 1;
 123   2          }
 124   1      }
 125          
 126          
 127          
 128          
 129          void Display_digit_on_screen(void)
 130          {
 131   1          if(!CHG)
 132   1          {
 133   2            u8 x;
 134   2            // 分钟
 135   2            LED8[0] = 10;
 136   2            LED8[1] = 10;
 137   2            // 秒
 138   2            LED8[3] = 10;
 139   2            LED8[4] = 10;
 140   2            // power_level = 3;
 141   2            // 电源指示灯 + 时间
 142   2            x = power_level + icon_power;
 143   2            if(x > 5)
 144   2            {
 145   3              icon_power = 0;
 146   3              LED8[2] = power_level;
 147   3            }
 148   2            else
 149   2            LED8[2] = x;
 150   2          // LED8[2] = power_level;
 151   2            // LED8[5] = color_level;
 152   2            LED8[5] = color_level;
 153   2            countdown_signal_start = NO;
 154   2          }
 155   1        else
 156   1        {
 157   2            // 分钟
 158   2            LED8[0] = local_time.minute / 10;
 159   2            LED8[1] = local_time.minute % 10;
 160   2            // 秒
 161   2            LED8[3] = local_time.second / 10;
 162   2            LED8[4] = local_time.second % 10;
 163   2            // u16 x = Cnt_exit_display();
 164   2            // LED8[0] = x / 1000;
 165   2            // LED8[1] = x / 100 % 10;
 166   2            // //秒
 167   2            // LED8[3] = x / 10 % 10;
 168   2            // LED8[4] = x % 10;
 169   2            if(power_display_level <= power_level)
 170   2              power_level = power_display_level;
 171   2            else
 172   2            {
 173   3              if(power_display_level - power_level == 1)
 174   3                power_display_level = power_level;
 175   3            }
 176   2          LED8[2] = power_level;
 177   2            LED8[5] = color_level;
C51 COMPILER V9.52.0.0   74HC595                                                           08/23/2016 22:56:22 PAGE 4   

 178   2          }
 179   1      } 
 180          
 181          void DisplayScanInit(void)
 182          {   
 183   1        display_com_number(~0x3F);
 184   1        display_number(0x7F);
 185   1          Delay3000ms();
 186   1      }
 187          
 188          void Displayclean(void)
 189          {
 190   1        P22 = 0;
 191   1        P21 = 0;
 192   1        P20 = 0;
 193   1        P37 = 0;
 194   1        P36 = 0;
 195   1        P35 = 0;
 196   1        P34 = 0;
 197   1        P11 = 0;
 198   1        P10 = 0;
 199   1        P27 = 0;
 200   1        P26 = 0;
 201   1        P25 = 0;
 202   1        P24 = 0;
 203   1      }
 204          
 205          void DisplayScan(void)
 206          {   
 207   1      //  先消隐 
 208   1        display_number(0x00);
 209   1          display_com_number(~comcode[display_index]); 
 210   1      // 显示数据
 211   1          if(display_index == 0 || display_index == 1 || display_index == 3 || display_index == 4)
 212   1          {
 213   2            display_number(displaycode[LED8[display_index]]);     //输出段码
 214   2          }  else if(display_index == 2) {
 215   2            if(!time_colon_icon || !CHG)
 216   2              display_number(power[LED8[display_index]]);
 217   2            else 
 218   2              display_number(TIME_ICON | power[LED8[display_index]]);     
 219   2        } else {
 220   2          if(!CHG)
 221   2            display_number(0x00);
 222   2          else
 223   2          { 
 224   3            if(status_mb_key == 1)
 225   3              display_number(color[LED8[display_index]] | 0x40);
 226   3            else
 227   3              display_number(color[LED8[display_index]]);
 228   3          }
 229   2        }
 230   1      
 231   1        display_com_number(~comcode[display_index]);          //输出位码
 232   1          if(++display_index >= 6)
 233   1            display_index = 0;  //8位结束回0
 234   1      }


MODULE INFORMATION:   STATIC OVERLAYABLE
   CODE SIZE        =    554    ----
   CONSTANT SIZE    =     31    ----
C51 COMPILER V9.52.0.0   74HC595                                                           08/23/2016 22:56:22 PAGE 5   

   XDATA SIZE       =   ----    ----
   PDATA SIZE       =   ----    ----
   DATA SIZE        =      7       1
   IDATA SIZE       =   ----    ----
   BIT SIZE         =   ----    ----
END OF MODULE INFORMATION.


C51 COMPILATION COMPLETE.  0 WARNING(S),  0 ERROR(S)
