C51 COMPILER V9.52.0.0   KEY                                                               08/23/2016 22:56:22 PAGE 1   


C51 COMPILER V9.52.0.0, COMPILATION OF MODULE KEY
OBJECT MODULE PLACED IN key.OBJ
COMPILER INVOKED BY: C:\Keil\C51\BIN\C51.EXE key.c DEBUG OBJECTEXTEND TABS(2)

line level    source

   1          #include "key.h"
   2          #include "utils.h"
   3          #include "string.h"
   4          #include "share.h"
   5          #include "time.h"
   6          #include "sync.h"
   7          #include "adc.h"
   8          
   9          static volatile u8 g_PreKey = 0;   //前次按键值 
  10          static volatile u8 g_NowKey = 0;   //当前按键值 
  11          volatile u8 g_ShortKeyCode = 0;    //短按键,单次触发 
  12          volatile u8 g_LongKeyCode = 0;     //长按键,持续触发
  13          volatile u8 g_KeyCode = 0;     //长按键,持续触发
  14          
  15          
  16          
  17          void system_io_init()
  18          {
  19   1          // P14（DOWN）
  20   1          pure_input(1, 0x10);
  21   1          // P13 (UP)
  22   1          pure_input(1, 0x08); 
  23   1          // P16 (LOCK)
  24   1          pure_input(1, 0x40);        
  25   1          // P15 (CHG) 
  26   1          pure_input(1, 0x20);
  27   1          // P32（INT0）
  28   1          pure_input(3, 0x04);
  29   1          // P33 (INT1)
  30   1          pure_input(3, 0x08);
  31   1          // P17 (电池电压测量口)
  32   1          pure_input(1, 0x80);
  33   1          // P23 (指示灯驱动)
  34   1          push_pull(2, 0x08);
  35   1          // P54 (POUT)
  36   1          push_pull(5, 0x10);
  37   1          // P30 (800K)
  38   1          push_pull(3, 0x01);
  39   1          // P23 (+\-)
  40   1          push_pull(2, 0x08);
  41   1          // P55 (启动提示)
  42   1          push_pull(5, 0x20);
  43   1          // P31 程序启动
  44   1          push_pull(3, 0x02);
  45   1          // P12 美牙结束
  46   1          push_pull(1, 0x04);
  47   1      
  48   1          P55 = P31 = P12 = 1;
  49   1      
  50   1        POUT = 0;
  51   1      
  52   1          P23 = 0;
  53   1      }
  54          
  55          
C51 COMPILER V9.52.0.0   KEY                                                               08/23/2016 22:56:22 PAGE 2   

  56          
  57          
  58          #define KEY_DOWN_ID 0x02
  59          #define KEY_UP_ID   0x04
  60          #define KEY_LOCK_ID 0x01
  61          
  62          
  63          //g_NowKey ^ g_PreKey   :边缘触发 
  64          //g_NowKey & (g_NowKey ^ g_PreKey):上升沿触发 
  65          //g_PreKey & (g_NowKey ^ g_PreKey):下降沿触发 
  66          //g_NowKey ^ (g_NowKey ^ g_PreKey):高电平触发(带消抖) 
  67          //触发方式 ^ g_KeyCode :仅更新变化部分按键值 
  68          
  69          //1.支持长短按键同时并行触发
  70          //2.将短按键触发判据改为下降沿触发(短按键释放)
  71          
  72          
  73          
  74          void key_scan_task() {
  75   1          u8 key = ~ADC_KeyScan_G();
  76   1          // u8 key = 0;
  77   1          static u16 CntPlus = 0;
  78   1          g_PreKey = g_NowKey; 
  79   1          g_NowKey = key;
  80   1          g_ShortKeyCode = (g_PreKey & (g_NowKey ^ g_PreKey)) ^ g_ShortKeyCode;  // 下降沿触发
  81   1      
  82   1          //if ((g_PreKey & (g_NowKey ^ g_PreKey)) ^ g_LongKeyCode)
  83   1          if (g_NowKey ^ g_PreKey ^ g_NowKey ^ g_LongKeyCode)         // 高电平触发(带消抖) 
  84   1          { 
  85   2              if(CntPlus++ > LONG_KEY_TIME)
  86   2              {                           
  87   3                  g_LongKeyCode |= g_NowKey;                          //添加长按键值
  88   3              }    
  89   2              if(CntPlus > SHORT_KEY_TIME) 
  90   2                  g_ShortKeyCode &= g_NowKey;
  91   2      
  92   2          } 
  93   1          else 
  94   1          {       
  95   2              CntPlus = 0;                                        //无新增按键出现,计数归零 
  96   2              g_LongKeyCode &= g_NowKey;                          //剔除已释放的按键
  97   2              g_ShortKeyCode &= g_NowKey;
  98   2          }
  99   1      
 100   1      }
 101          
 102          void check_key_location() {
 103   1              if(g_ShortKeyCode == KEY_LOCK_ID)
 104   1              {
 105   2            // 倒计时开始
 106   2                  status_mb_key ++;
 107   2                  if(status_mb_key == 1)
 108   2                  {
 109   3                      reset_cnt_exit();
 110   3                      adc_sampling =  NO;
 111   3                  }
 112   2                  if(status_mb_key == 2)
 113   2                  {
 114   3                      // 解锁
 115   3                      status_mb_key = 0;
 116   3                      adc_sampling = YES;   
 117   3                  }
C51 COMPILER V9.52.0.0   KEY                                                               08/23/2016 22:56:22 PAGE 3   

 118   2              }
 119   1      
 120   1              if(status_mb_key != 1)
 121   1              {
 122   2                  if(g_ShortKeyCode == KEY_UP_ID)
 123   2                  {
 124   3                      //+
 125   3                      local_time.minute ++;
 126   3                      if(local_time.minute == 60)
 127   3                          local_time.minute = 0;
 128   3                  }
 129   2                  if(g_ShortKeyCode == KEY_DOWN_ID)
 130   2                  {
 131   3                      if(local_time.minute == 0)
 132   3                          local_time.minute = 60;
 133   3                      local_time.minute --;
 134   3                  }
 135   2                  if(g_KeyCode == 0 && g_LongKeyCode == KEY_UP_ID)
 136   2                  {
 137   3                      //快速+开始
 138   3                      increase_fast_refresh = YES;
 139   3                  }
 140   2                  if(g_KeyCode == KEY_UP_ID && g_LongKeyCode == 0)
 141   2                  {   
 142   3                      //快速+结束
 143   3                      increase_fast_refresh = NO;
 144   3                  }
 145   2                  if(g_KeyCode == 0 && g_LongKeyCode == KEY_DOWN_ID)
 146   2                  {
 147   3                      //快速-开始
 148   3                      decrease_fast_refresh = YES;
 149   3                  }
 150   2                  if(g_LongKeyCode == 0 && g_KeyCode == KEY_DOWN_ID)
 151   2                  {   
 152   3                      //快速-结束
 153   3                      decrease_fast_refresh = NO;
 154   3                  }
 155   2              }
 156   1              
 157   1      
 158   1              g_KeyCode = g_LongKeyCode;
 159   1      
 160   1      }
 161          
 162          
 163          void key_duty_task() {
 164   1              key_scan_task();
 165   1              check_key_location();
 166   1      }


MODULE INFORMATION:   STATIC OVERLAYABLE
   CODE SIZE        =    297    ----
   CONSTANT SIZE    =   ----    ----
   XDATA SIZE       =   ----    ----
   PDATA SIZE       =   ----    ----
   DATA SIZE        =      7    ----
   IDATA SIZE       =   ----    ----
   BIT SIZE         =   ----    ----
END OF MODULE INFORMATION.


C51 COMPILATION COMPLETE.  0 WARNING(S),  0 ERROR(S)
