C51 COMPILER V9.52.0.0   TIME                                                              08/23/2016 22:56:22 PAGE 1   


C51 COMPILER V9.52.0.0, COMPILATION OF MODULE TIME
OBJECT MODULE PLACED IN time.OBJ
COMPILER INVOKED BY: C:\Keil\C51\BIN\C51.EXE time.c DEBUG OBJECTEXTEND TABS(2)

line level    source

   1          #include "time.h"
   2          #include "share.h"
   3          #include "def.h"
   4          
   5          void time_init()
   6          {
   7   1          local_time.second = 0;
   8   1          local_time.minute = 30;
   9   1      }


MODULE INFORMATION:   STATIC OVERLAYABLE
   CODE SIZE        =     12    ----
   CONSTANT SIZE    =   ----    ----
   XDATA SIZE       =   ----    ----
   PDATA SIZE       =   ----    ----
   DATA SIZE        =   ----    ----
   IDATA SIZE       =   ----    ----
   BIT SIZE         =   ----    ----
END OF MODULE INFORMATION.


C51 COMPILATION COMPLETE.  0 WARNING(S),  0 ERROR(S)
