C51 COMPILER V9.52.0.0   MAIN                                                              10/30/2016 15:12:22 PAGE 1   


C51 COMPILER V9.52.0.0, COMPILATION OF MODULE MAIN
OBJECT MODULE PLACED IN main.OBJ
COMPILER INVOKED BY: C:\Keil\C51\BIN\C51.EXE main.c OMF2 ROM(SMALL) BROWSE DEBUG TABS(2)

line level    source

   1          /*  
   2          *   STC-ISP导入芯片信息至Keil
   3          *   采用STC15W4K32S4系列
   4          *   假定测试芯片的工作频率为24.000MHz
   5          */
   6          
   7          #include "utils.h"
   8          #include "sync.h"
   9          #include "task.h"
  10          #include "string.h"
  11          #include "power.h"
  12          #include "utils.h"
  13          
  14          static void init_system_component();
  15          static void init_logic_params();
  16          
  17          
  18          
  19          void init_system_component();
  20          
  21          void main()
  22          {  
  23   1          // stop catching interrupt
  24   1          EA = 0;
  25   1          init_system_component();
  26   1          // begin catching interrupt
  27   1          EA = 1;
  28   1      
  29   1          INT_PROC = SLEEP_DUTY;  
  30   1      
  31   1          while(1) {
  32   2              // Feed dog
  33   2              reset_watch_dog();
  34   2              if(INT_PROC & FRE_CAL_DUTY)
  35   2              {
  36   3                  freq_cal_driver();
  37   3                  INT_PROC &= ~FRE_CAL_DUTY;
  38   3                  continue;
  39   3              }
  40   2      
  41   2              if(INT_PROC & SLEEP_DUTY)
  42   2              {
  43   3                  charge_power_disable();
  44   3                  INT_PROC &= ~SLEEP_DUTY;
  45   3                  PCON = 0x02;
  46   3                  continue;
  47   3              }
  48   2          }
  49   1      }
  50          
  51          
  52          static void init_system_component() {  
  53   1          // timer
  54   1          init_system_tick();
  55   1          init_driver_timer();
C51 COMPILER V9.52.0.0   MAIN                                                              10/30/2016 15:12:22 PAGE 2   

  56   1        // power
  57   1        power_io_init();
  58   1          charge_power_disable();
  59   1        
  60   1      }
  61          
  62          
  63          


MODULE INFORMATION:   STATIC OVERLAYABLE
   CODE SIZE        =     58    ----
   CONSTANT SIZE    =   ----    ----
   XDATA SIZE       =   ----    ----
   PDATA SIZE       =   ----    ----
   DATA SIZE        =   ----    ----
   IDATA SIZE       =   ----    ----
   BIT SIZE         =   ----    ----
   EDATA SIZE       =   ----    ----
   HDATA SIZE       =   ----    ----
   XDATA CONST SIZE =   ----    ----
   FAR CONST SIZE   =   ----    ----
END OF MODULE INFORMATION.


C51 COMPILATION COMPLETE.  0 WARNING(S),  0 ERROR(S)
