C51 COMPILER V9.52.0.0   ALARM                                                             10/24/2015 21:55:10 PAGE 1   


C51 COMPILER V9.52.0.0, COMPILATION OF MODULE ALARM
OBJECT MODULE PLACED IN alarm.OBJ
COMPILER INVOKED BY: D:\Keil\C51\BIN\C51.EXE alarm.c LARGE OMF2 BROWSE DEBUG TABS(2)

line level    source

   1          # include "alarm.h"
   2          # include "utils.h"
   3          static void delay_alarm_220V() // 300ms
   4          {
   5   1        unsigned char i, j, k;
   6   1      
   7   1        _nop_();
   8   1        _nop_();
   9   1        i = 28;
  10   1        j = 92;
  11   1        k = 196;
  12   1        do
  13   1        {
  14   2          do
  15   2          {
  16   3            while (--k);
  17   3          } while (--j);
  18   2        } while (--i);
  19   1      }
  20          
  21          
  22          static void delay_alarm_batter() // 100ms
  23          {
  24   1        unsigned char i, j, k;
  25   1      
  26   1        _nop_();
  27   1        _nop_();
  28   1        i = 10;
  29   1        j = 31;
  30   1        k = 147;
  31   1        do
  32   1        {
  33   2          do
  34   2          {
  35   3            while (--k);
  36   3          } while (--j);
  37   2        } while (--i);
  38   1      }
  39          
  40          
  41          void alarm_io_init()
  42          {
  43   1        push_pull(5, 0x01);
  44   1      }
  45          
  46          void alarm_for_batter_low()
  47          {
  48   1        ALARM = 1;
  49   1        delay_alarm_batter();
  50   1        ALARM = 0;
  51   1        delay_alarm_batter();
  52   1      }
  53          
  54          
  55          void alarm_for_220v_lost()
C51 COMPILER V9.52.0.0   ALARM                                                             10/24/2015 21:55:10 PAGE 2   

  56          {
  57   1        ALARM = 1;
  58   1        delay_alarm_220V();
  59   1        ALARM = 0;
  60   1        delay_alarm_220V();
  61   1      }
  62          
  63          void alarm_for_key_cabinet()
  64          {
  65   1        ALARM = 1;
  66   1      }


MODULE INFORMATION:   STATIC OVERLAYABLE
   CODE SIZE        =     60    ----
   CONSTANT SIZE    =   ----    ----
   XDATA SIZE       =   ----    ----
   PDATA SIZE       =   ----    ----
   DATA SIZE        =   ----    ----
   IDATA SIZE       =   ----    ----
   BIT SIZE         =   ----    ----
   EDATA SIZE       =   ----    ----
   HDATA SIZE       =   ----    ----
   XDATA CONST SIZE =   ----    ----
   FAR CONST SIZE   =   ----    ----
END OF MODULE INFORMATION.


C51 COMPILATION COMPLETE.  0 WARNING(S),  0 ERROR(S)
