C51 COMPILER V9.52.0.0   BLE                                                               12/28/2015 09:01:14 PAGE 1   


C51 COMPILER V9.52.0.0, COMPILATION OF MODULE BLE
OBJECT MODULE PLACED IN ble.OBJ
COMPILER INVOKED BY: D:\Keil\C51\BIN\C51.EXE ble.c LARGE OMF2 BROWSE DEBUG TABS(2)

line level    source

   1          #include "ble.h"
   2          #include "string.h"
   3          #include "usart.h"
   4          #include "task.h"
   5          #include "config.h"
   6          #include "stdio.h"
   7          #include "share.h"
   8          #include "sync.h"
   9          #include "utils.h"
  10          
  11          void Uart_Init() {
  12   1          USART_Init(&COM1);
  13   1      
  14   1          S1_8bit();
  15   1          S1_BRT_UseTimer2();     // S1 BRT Use Timer2;
  16   1      
  17   1          S1_Int_Enable();        // 允许中断
  18   1      
  19   1          S1_RX_Enable();         // Rx 接收允许
  20   1          S1_USE_P30P31();
  21   1          quasi_bidirectional(UART_TX_Mx, UART_TX_BIT);
  22   1          quasi_bidirectional(UART_RX_Mx, UART_RX_BIT);
  23   1      
  24   1          S1_TXD_RXD_OPEN();
  25   1      
  26   1          USART_Share_Timer2();
  27   1      }
  28          
  29          // Handle usart trigger: receiving "\r\n"
  30          void UART1_int (void) interrupt UART1_VECTOR
  31          {
  32   1          if (RI) {
  33   2              INT_PROC |= UART_DUTY;
  34   2              key_cabinet_number = SBUF;
  35   2              RI = 0;
  36   2          }
  37   1          if (TI) {
  38   2              TI = 0;                         
  39   2          }
  40   1      }


MODULE INFORMATION:   STATIC OVERLAYABLE
   CODE SIZE        =     83    ----
   CONSTANT SIZE    =   ----    ----
   XDATA SIZE       =   ----    ----
   PDATA SIZE       =   ----    ----
   DATA SIZE        =   ----    ----
   IDATA SIZE       =   ----    ----
   BIT SIZE         =   ----    ----
   EDATA SIZE       =   ----    ----
   HDATA SIZE       =   ----    ----
   XDATA CONST SIZE =   ----    ----
   FAR CONST SIZE   =   ----    ----
END OF MODULE INFORMATION.

C51 COMPILER V9.52.0.0   BLE                                                               12/28/2015 09:01:14 PAGE 2   


C51 COMPILATION COMPLETE.  0 WARNING(S),  0 ERROR(S)
