C51 COMPILER V9.52.0.0   CONFIG                                                            12/28/2015 09:01:14 PAGE 1   


C51 COMPILER V9.52.0.0, COMPILATION OF MODULE CONFIG
OBJECT MODULE PLACED IN config.OBJ
COMPILER INVOKED BY: D:\Keil\C51\BIN\C51.EXE config.c LARGE OMF2 BROWSE DEBUG TABS(2)

line level    source

   1          # include "config.h"
   2          # include "utils.h"
   3          void driver_high_pin(u8 pin)
   4          {
   5   1        if(pin == 1){
   6   2          high_pin(1);
   7   2        }else if(pin == 2){
   8   2          high_pin(2);
   9   2        }else if(pin == 3){
  10   2          high_pin(3);
  11   2        }else if(pin == 4){
  12   2          high_pin(4);
  13   2        }else if(pin == 5){
  14   2          high_pin(5);
  15   2        }else if(pin == 6){
  16   2          high_pin(6);
  17   2        }else if(pin == 7){
  18   2          high_pin(7);
  19   2        }else if(pin == 8){
  20   2          high_pin(8);
  21   2        }else if(pin == 9){
  22   2          high_pin(9);
  23   2        }else if(pin == 10){
  24   2          high_pin(10);
  25   2        }else if(pin == 11){
  26   2          high_pin(11);
  27   2        }else if(pin == 12){
  28   2          high_pin(12);
  29   2        }else if(pin == 13){
  30   2          high_pin(13);
  31   2        }else if(pin == 14){
  32   2          high_pin(14);
  33   2        }else if(pin == 15){
  34   2          high_pin(15);
  35   2        }else if(pin == 16){
  36   2          high_pin(16);
  37   2        }else if(pin == 17){
  38   2          high_pin(17);
  39   2        }else if(pin == 18){
  40   2          high_pin(18);
  41   2        }else if(pin == 19){
  42   2          high_pin(19);
  43   2        }else if(pin == 20){
  44   2          high_pin(20);
  45   2        }else if(pin == 21){
  46   2          high_pin(21);
  47   2        }else if(pin == 22){
  48   2          high_pin(22);
  49   2        }else if(pin == 23){
  50   2          high_pin(23);
  51   2        }else if(pin == 24){
  52   2          high_pin(24);
  53   2        }else if(pin == 25){
  54   2          high_pin(25);
  55   2        }else if(pin == 26){
C51 COMPILER V9.52.0.0   CONFIG                                                            12/28/2015 09:01:14 PAGE 2   

  56   2          high_pin(26);
  57   2        }else if(pin == 27){
  58   2          high_pin(27);
  59   2        }else if(pin == 28){
  60   2          high_pin(28);
  61   2        }
  62   1      }
  63          void driver_low_pin(u8 pin)
  64          {
  65   1        if(pin == 1){
  66   2          low_pin(1);
  67   2        }else if(pin == 2){
  68   2          low_pin(2);
  69   2        }else if(pin == 3){
  70   2          low_pin(3);
  71   2        }else if(pin == 4){
  72   2          low_pin(4);
  73   2        }else if(pin == 5){
  74   2          low_pin(5);
  75   2        }else if(pin == 6){
  76   2          low_pin(6);
  77   2        }else if(pin == 7){
  78   2          low_pin(7);
  79   2        }else if(pin == 8){
  80   2          low_pin(8);
  81   2        }else if(pin == 9){
  82   2          low_pin(9);
  83   2        }else if(pin == 10){
  84   2          low_pin(10);
  85   2        }else if(pin == 11){
  86   2          low_pin(11);
  87   2        }else if(pin == 12){
  88   2          low_pin(12);
  89   2        }else if(pin == 13){
  90   2          low_pin(13);
  91   2        }else if(pin == 14){
  92   2          low_pin(14);
  93   2        }else if(pin == 15){
  94   2          low_pin(15);
  95   2        }else if(pin == 16){
  96   2          low_pin(16);
  97   2        }else if(pin == 17){
  98   2          low_pin(17);
  99   2        }else if(pin == 18){
 100   2          low_pin(18);
 101   2        }else if(pin == 19){
 102   2          low_pin(19);
 103   2        }else if(pin == 20){
 104   2          low_pin(20);
 105   2        }else if(pin == 21){
 106   2          low_pin(21);
 107   2        }else if(pin == 22){
 108   2          low_pin(22);
 109   2        }else if(pin == 23){
 110   2          low_pin(23);
 111   2        }else if(pin == 24){
 112   2          low_pin(24);
 113   2        }else if(pin == 25){
 114   2          low_pin(25);
 115   2        }else if(pin == 26){
 116   2          low_pin(26);
 117   2        }else if(pin == 27){
C51 COMPILER V9.52.0.0   CONFIG                                                            12/28/2015 09:01:14 PAGE 3   

 118   2          low_pin(27);
 119   2        }else if(pin == 28){
 120   2          low_pin(28);
 121   2        }
 122   1      }
 123          
 124          void driver_io_init()
 125          {
 126   1          // P00~P03
 127   1          //push_pull(0, 0x01);
 128   1          //push_pull(0, 0x02);
 129   1          //push_pull(0, 0x04);
 130   1          //push_pull(0, 0x08);
 131   1          push_pull(0, 0x0F);
 132   1          // P10~P17
 133   1          //push_pull(1, 0x01);
 134   1          //push_pull(1, 0x02);
 135   1          //push_pull(1, 0x04);
 136   1          //push_pull(1, 0x08);
 137   1          //push_pull(1, 0x10);
 138   1          //push_pull(1, 0x20);
 139   1          //push_pull(1, 0x40);
 140   1          //push_pull(1, 0x80);
 141   1          push_pull(1, 0xFF);
 142   1          // P20~P27
 143   1          //push_pull(2, 0x01);
 144   1          //push_pull(2, 0x02);
 145   1          //push_pull(2, 0x04);
 146   1          //push_pull(2, 0x08);
 147   1          //push_pull(2, 0x10);
 148   1          //push_pull(2, 0x20);
 149   1          //push_pull(2, 0x40);
 150   1          //push_pull(2, 0x80);
 151   1          push_pull(2, 0xFF);
 152   1          // P32~P37
 153   1          //push_pull(3, 0x04);
 154   1          //push_pull(3, 0x08);
 155   1          //push_pull(3, 0x10);
 156   1          //push_pull(3, 0x20);
 157   1          //push_pull(3, 0x40);
 158   1          //push_pull(3, 0x80);
 159   1          push_pull(3, 0xFC);
 160   1          // P54~P55
 161   1          //push_pull(5, 0x10);
 162   1          //push_pull(5, 0x20);
 163   1          push_pull(5, 0x30);
 164   1      }


MODULE INFORMATION:   STATIC OVERLAYABLE
   CODE SIZE        =    423    ----
   CONSTANT SIZE    =   ----    ----
   XDATA SIZE       =   ----    ----
   PDATA SIZE       =   ----    ----
   DATA SIZE        =   ----    ----
   IDATA SIZE       =   ----    ----
   BIT SIZE         =   ----    ----
   EDATA SIZE       =   ----    ----
   HDATA SIZE       =   ----    ----
   XDATA CONST SIZE =   ----    ----
   FAR CONST SIZE   =   ----    ----
END OF MODULE INFORMATION.

C51 COMPILER V9.52.0.0   CONFIG                                                            12/28/2015 09:01:14 PAGE 4   


C51 COMPILATION COMPLETE.  0 WARNING(S),  0 ERROR(S)
