C51 COMPILER V9.52.0.0   LED                                                               10/24/2015 21:55:10 PAGE 1   


C51 COMPILER V9.52.0.0, COMPILATION OF MODULE LED
OBJECT MODULE PLACED IN led.OBJ
COMPILER INVOKED BY: D:\Keil\C51\BIN\C51.EXE led.c LARGE OMF2 BROWSE DEBUG TABS(2)

line level    source

   1          #include "led.h"
   2          #include "share.h"
   3          #include "utils.h"
   4          #include "alarm.h"
   5          
   6          static code u8 const displaycode[10] = {0x3F, 0x06, 0x5B, 0x4F, 0x66, 0x6D, 0x7D, 0x07, 0x7F, 0x6F};
   7                            /*    0,    1,    2,    3,    4,    5,    6,    7,    8,    9   */
   8          
   9          // static code u8 displaycode[10] = {0xC0, 0xF9, 0xA4, 0xB0, 0x99, 0x92, 0x82, 0xF8, 0x80, 0x90};
  10                        /*    0,    1,    2,    3,    4,    5,    6,    7,    8,    9   */
  11          
  12          void display_io_init()
  13          {
  14   1          push_pull(5, 0x08);
  15   1          push_pull(0, 0x20);
  16   1          push_pull(0, 0x40);
  17   1          push_pull(0, 0x80);
  18   1          push_pull(6, 0x01);
  19   1          push_pull(6, 0x02);
  20   1          push_pull(6, 0x04);
  21   1          push_pull(6, 0x08);
  22   1          push_pull(4, 0x80);
  23   1      }
  24          
  25          
  26          static void delay_display() // 1ms
  27          {
  28   1        unsigned char i, j;
  29   1        i = 24;
  30   1        j = 85;
  31   1        do
  32   1        {
  33   2          while (--j);
  34   2        } while (--i);
  35   1      }
  36          
  37          static void display_seg(u8 i, u8 number)
  38          {
  39   1        if(i == 0){
  40   2          DISPLAY_D(0) = number;
  41   2        }else if(i == 1){
  42   2          DISPLAY_D(1) = number;
  43   2        }else if(i == 2){
  44   2          DISPLAY_D(2) = number;
  45   2        }else if(i == 3){
  46   2          DISPLAY_D(3) = number;
  47   2        }else if(i == 4){
  48   2          DISPLAY_D(4) = number;
  49   2        }else if(i == 5){
  50   2          DISPLAY_D(5) = number;
  51   2        }else if(i == 6){
  52   2          DISPLAY_D(6) = number;
  53   2        }
  54   1      }
  55          
C51 COMPILER V9.52.0.0   LED                                                               10/24/2015 21:55:10 PAGE 2   

  56          void display_number(u8 number)
  57          {
  58   1        u8 i, code_store, code_buffer;
  59   1        code_buffer = displaycode[number];
  60   1        for(i = 0; i < 7; i++)
  61   1        {
  62   2          code_store = code_buffer;
  63   2          code_buffer = code_buffer >> 1;
  64   2          display_seg(i, (code_store - (code_buffer << 1)));
  65   2        }
  66   1      }
  67          
  68          
  69          void display_error(u8 number)
  70          {
  71   1        DISPLAY_DG2 = 1;
  72   1        display_number(number/10);
  73   1        DISPLAY_DG1 = 0;
  74   1        delay_display();
  75   1        DISPLAY_DG1 = 1;
  76   1        display_number(number%10);
  77   1        DISPLAY_DG2 = 0;
  78   1        delay_display();
  79   1      }
  80          
  81          void no_error_display()
  82          {
  83   1          DISPLAY_DG1 = 1;
  84   1          DISPLAY_DG2 = 1;
  85   1      }
  86          
  87          
  88          void led_display()
  89          {
  90   1          if(!number_for_badkey)
  91   1          {
  92   2              performance_status &= ~0x20;
  93   2              no_error_display();
  94   2              if(performance_status == 0x00)
  95   2                alarm_for_no_problem();
  96   2          }
  97   1          else
  98   1          {
  99   2              performance_status |= 0x20;
 100   2              display_error(order_for_badkey[0]);
 101   2              alarm_for_key_cabinet();
 102   2          }
 103   1      }


MODULE INFORMATION:   STATIC OVERLAYABLE
   CODE SIZE        =    246    ----
   CONSTANT SIZE    =     10    ----
   XDATA SIZE       =   ----    ----
   PDATA SIZE       =   ----    ----
   DATA SIZE        =   ----    ----
   IDATA SIZE       =   ----    ----
   BIT SIZE         =   ----    ----
   EDATA SIZE       =   ----    ----
   HDATA SIZE       =   ----    ----
   XDATA CONST SIZE =   ----    ----
   FAR CONST SIZE   =   ----    ----
C51 COMPILER V9.52.0.0   LED                                                               10/24/2015 21:55:10 PAGE 3   

END OF MODULE INFORMATION.


C51 COMPILATION COMPLETE.  0 WARNING(S),  0 ERROR(S)
