C51 COMPILER V9.52.0.0   SYNC                                                              12/28/2015 09:01:14 PAGE 1   


C51 COMPILER V9.52.0.0, COMPILATION OF MODULE SYNC
OBJECT MODULE PLACED IN sync.OBJ
COMPILER INVOKED BY: D:\Keil\C51\BIN\C51.EXE sync.c LARGE OMF2 BROWSE DEBUG TABS(2)

line level    source

   1          #include "sync.h"
   2          #include "task.h"
   3          #include "share.h"
   4          
   5          #define T200Hz  (MAIN_Fosc / 12 / 200)
   6          #define Timer0_Reload   (65536UL - T200Hz)  
   7          
   8          static u8 counter_for_driver = DRIVER_TASK_INTERVAL;
   9          
  10          void reset_all_counters() {
  11   1          reset_counter_for_driver();
  12   1      }
  13          
  14          
  15          void init_system_tick() {
  16   1          Timer0_12T();
  17   1          Timer0_AsTimer();
  18   1          Timer0_16bitAutoReload();
  19   1          T0_Load(0xD8F0);
  20   1          Timer0_InterruptEnable();
  21   1          Timer0_Run();
  22   1      }
  23          
  24          // 
  25          void tm0_isr() interrupt TIMER0_VECTOR  using 1
  26          {    
  27   1          if(candidate_driver_signal_recieving)
  28   1          {
  29   2              --counter_for_driver;
  30   2              if(!counter_for_driver)
  31   2              {
  32   3                  reset_counter_for_driver();
  33   3                  INT_PROC |= DRIVER_DUTY; 
  34   3              }
  35   2          }
  36   1      }


MODULE INFORMATION:   STATIC OVERLAYABLE
   CODE SIZE        =     65    ----
   CONSTANT SIZE    =   ----    ----
   XDATA SIZE       =      1    ----
   PDATA SIZE       =   ----    ----
   DATA SIZE        =   ----    ----
   IDATA SIZE       =   ----    ----
   BIT SIZE         =   ----    ----
   EDATA SIZE       =   ----    ----
   HDATA SIZE       =   ----    ----
   XDATA CONST SIZE =   ----    ----
   FAR CONST SIZE   =   ----    ----
END OF MODULE INFORMATION.


C51 COMPILATION COMPLETE.  0 WARNING(S),  0 ERROR(S)
