C51 COMPILER V9.52.0.0   TASK                                                              12/28/2015 09:01:14 PAGE 1   


C51 COMPILER V9.52.0.0, COMPILATION OF MODULE TASK
OBJECT MODULE PLACED IN task.OBJ
COMPILER INVOKED BY: D:\Keil\C51\BIN\C51.EXE task.c LARGE OMF2 BROWSE DEBUG TABS(2)

line level    source

   1          #include "task.h"
   2          
   3          // SYSTEM ALL INT MASK
   4          volatile u16 xdata INT_PROC = 0;


MODULE INFORMATION:   STATIC OVERLAYABLE
   CODE SIZE        =   ----    ----
   CONSTANT SIZE    =   ----    ----
   XDATA SIZE       =      2    ----
   PDATA SIZE       =   ----    ----
   DATA SIZE        =   ----    ----
   IDATA SIZE       =   ----    ----
   BIT SIZE         =   ----    ----
   EDATA SIZE       =   ----    ----
   HDATA SIZE       =   ----    ----
   XDATA CONST SIZE =   ----    ----
   FAR CONST SIZE   =   ----    ----
END OF MODULE INFORMATION.


C51 COMPILATION COMPLETE.  0 WARNING(S),  0 ERROR(S)
