C51 COMPILER V9.52.0.0   MAIN                                                              10/10/2016 14:28:54 PAGE 1   


C51 COMPILER V9.52.0.0, COMPILATION OF MODULE MAIN
OBJECT MODULE PLACED IN main.OBJ
COMPILER INVOKED BY: C:\Keil\C51\BIN\C51.EXE main.c LARGE OMF2 BROWSE DEBUG TABS(2)

line level    source

   1          /*  
   2          *   STC-ISP导入芯片信息至Keil
   3          *   采用STC15W4K32S4系列
   4          *   假定测试芯片的工作频率为24.000MHz
   5          */
   6          
   7          #include "config.h"
   8          #include "utils.h"
   9          #include "sync.h"
  10          #include "task.h"
  11          #include "key.h"
  12          #include "display.h"
  13          #include "string.h"
  14          #include "power.h"
  15          #include "LM567.h"
  16          #include "utils.h"
  17          #include "usart.h"
  18          #include "led.h"
  19          
  20          static void init_system_component();
  21          static void init_logic_params();
  22          
  23          
  24          
  25          void instant_effective_init() {
  26   1          init_system_component();
  27   1          init_logic_params();
  28   1      
  29   1      }
  30          
  31          
  32          void main()
  33          {  
  34   1          // stop catching interrupt
  35   1          EA = 0;
  36   1      
  37   1          instant_effective_init();
  38   1          count_down_init_all_task();
  39   1      
  40   1          // power_select_level();
  41   1          // begin catching interrupt
  42   1      
  43   1          EA = 1;
  44   1              
  45   1      
  46   1          while(1) {
  47   2              // Feed dog
  48   2              reset_watch_dog();
  49   2              if(INT_PROC & KEY_DUTY)
  50   2              {
  51   3                  key_duty_task();
  52   3                  decrease_key_hold_interval();
  53   3                  count_down_at_all_task();
  54   3                  // power_select_level();
  55   3                  INT_PROC &= ~KEY_DUTY;
C51 COMPILER V9.52.0.0   MAIN                                                              10/10/2016 14:28:54 PAGE 2   

  56   3                  continue;
  57   3              }
  58   2      
  59   2              if(INT_PROC & UART_DUTY) 
  60   2              { 
  61   3                  uart_process_recieved(); 
  62   3                  INT_PROC &= ~UART_DUTY;              
  63   3                  continue; 
  64   3              } 
  65   2      
  66   2      
  67   2              // 5ms检测一次
  68   2              if(INT_PROC & TICK_DUTY)
  69   2              {
  70   3                  if (USART_RX_Block(&COM1))  
  71   3                      INT_PROC |= UART_DUTY; 
  72   3                  cycle_based_control();
  73   3                  led_display_task();
  74   3                  INT_PROC &= ~TICK_DUTY;
  75   3                  continue;            
  76   3              }
  77   2      
  78   2              if(INT_PROC & SLEEP_DUTY){
  79   3                  // 倒计时
  80   3                  // 关灯、关香薰
  81   3                  power_status = OFF;
  82   3                  power_select_level();
  83   3                  ctrl_mode_changed(0);
  84   3                  INT_PROC &= ~SLEEP_DUTY;
  85   3                  EX0 = ENABLE;
  86   3                  continue; 
  87   3              }
  88   2      
  89   2              if(INT_PROC & PROTECT_DUTY){
  90   3                  power_level_set = 0;
  91   3                  power_select_level();
  92   3                  INT_PROC &= ~PROTECT_DUTY;
  93   3                  continue; 
  94   3              }
  95   2      
  96   2          }
  97   1      }
  98          
  99          
 100          static void init_system_component() {  
 101   1          // timer
 102   1          init_system_tick();
 103   1          // Timer1Init();
 104   1          //KEY
 105   1          key_io_init();
 106   1          power_config_init();
 107   1      
 108   1          //pwm
 109   1          PWM_Init();
 110   1        PWM_Pin_Init();
 111   1          LED_OUT = 0;
 112   1      
 113   1          // // INT0
 114   1          power_overload_protect();
 115   1          init_adc();
 116   1          BLE_Init();
 117   1        
C51 COMPILER V9.52.0.0   MAIN                                                              10/10/2016 14:28:54 PAGE 3   

 118   1      }
 119          
 120          
 121          static void init_logic_params() {
 122   1          init_sync_object();
 123   1          display_startup_init();
 124   1      }
 125          
 126          
 127          


MODULE INFORMATION:   STATIC OVERLAYABLE
   CODE SIZE        =    189    ----
   CONSTANT SIZE    =   ----    ----
   XDATA SIZE       =   ----    ----
   PDATA SIZE       =   ----    ----
   DATA SIZE        =   ----    ----
   IDATA SIZE       =   ----    ----
   BIT SIZE         =   ----    ----
   EDATA SIZE       =   ----    ----
   HDATA SIZE       =   ----    ----
   XDATA CONST SIZE =   ----    ----
   FAR CONST SIZE   =   ----    ----
END OF MODULE INFORMATION.


C51 COMPILATION COMPLETE.  0 WARNING(S),  0 ERROR(S)
