C51 COMPILER V9.52.0.0   POWER                                                             10/10/2016 14:28:55 PAGE 1   


C51 COMPILER V9.52.0.0, COMPILATION OF MODULE POWER
OBJECT MODULE PLACED IN power.OBJ
COMPILER INVOKED BY: C:\Keil\C51\BIN\C51.EXE power.c LARGE OMF2 BROWSE DEBUG TABS(2)

line level    source

   1          #include "power.h"
   2          #include "utils.h"
   3          #include "task.h"
   4          volatile bool power_status = OFF;
   5          volatile bool sys_status = OFF;
   6          volatile power_level_t xdata power_level_set;
   7           
   8          
   9          void power_config_init() {
  10   1          power_status = OFF;
  11   1          power_level_set = 0;
  12   1      }
  13          
  14          
  15          void power_overload_protect(){
  16   1          INT0 = 1;
  17   1          IT0 = 1;                    //  设置INT0的中断类型 (1:仅下降沿 0:上升沿和下降沿)
  18   1          EX0 = ENABLE; 
  19   1      }
  20          
  21          
  22          void power_level_8bit(const power_level_t xdata power_level) 
  23          {
  24   1        if(power_level == 4){
  25   2            PWMx_Setup_DutyCycle(PWM_CTL, 95);
  26   2            // PWMx_Setup_DutyCycle(PWM_FENG, 100);
  27   2              PWM3 = 1;
  28   2          }else if(power_level == 3){
  29   2            PWMx_Setup_DutyCycle(PWM_CTL, 90);
  30   2              PWM3 = 1;
  31   2            // PWMx_Setup_DutyCycle(PWM_FENG, 100);
  32   2          }else if(power_level == 2){
  33   2            PWMx_Setup_DutyCycle(PWM_CTL, 80);
  34   2              PWM3 = 1;
  35   2            // PWMx_Setup_DutyCycle(PWM_FENG, 100);
  36   2          }else if(power_level == 1){
  37   2            PWMx_Setup_DutyCycle(PWM_CTL, 70);
  38   2              PWM3 = 1;
  39   2            // PWMx_Setup_DutyCycle(PWM_FENG, 100);
  40   2          }else if(power_level == 0){
  41   2            // PWMx_Setup_DutyCycle(PWM_CTL, 0);
  42   2              PWMx_As_GPIO(PWM7_ID);
  43   2              PWM7 = 0;
  44   2              PWM3 = 0;
  45   2            // PWMx_Setup_DutyCycle(PWM_FENG, 0);
  46   2          }
  47   1      }
  48          
  49          void power_select_level()
  50          {
  51   1        if(power_status == ON)
  52   1          power_level_8bit(power_level_set);
  53   1        else
  54   1          power_level_8bit(0);
  55   1      }
C51 COMPILER V9.52.0.0   POWER                                                             10/10/2016 14:28:55 PAGE 2   

  56          
  57          
  58          // overload protection
  59          // 中断0
  60          void exint0() interrupt INT0_VECTOR  using 3
  61          {
  62   1          if(!INT0){
  63   2              INT_PROC |= PROTECT_DUTY;
  64   2          }
  65   1      }


MODULE INFORMATION:   STATIC OVERLAYABLE
   CODE SIZE        =    122    ----
   CONSTANT SIZE    =   ----    ----
   XDATA SIZE       =      1       1
   PDATA SIZE       =   ----    ----
   DATA SIZE        =   ----    ----
   IDATA SIZE       =   ----    ----
   BIT SIZE         =      2    ----
   EDATA SIZE       =   ----    ----
   HDATA SIZE       =   ----    ----
   XDATA CONST SIZE =   ----    ----
   FAR CONST SIZE   =   ----    ----
END OF MODULE INFORMATION.


C51 COMPILATION COMPLETE.  0 WARNING(S),  0 ERROR(S)
