C51 COMPILER V9.52.0.0   MAIN                                                              01/03/2016 16:43:05 PAGE 1   


C51 COMPILER V9.52.0.0, COMPILATION OF MODULE MAIN
OBJECT MODULE PLACED IN main.OBJ
COMPILER INVOKED BY: D:\Keil\C51\BIN\C51.EXE main.c LARGE OMF2 BROWSE DEBUG TABS(2)

line level    source

   1          /*  
   2          *   STC-ISP导入芯片信息至Keil
   3          *   采用STC15W4K32S4系列
   4          *   假定测试芯片的工作频率为24.000MHz
   5          */
   6          
   7          #include "config.h"
   8          #include "utils.h"
   9          #include "sync.h"
  10          #include "ble.h"
  11          #include "task.h"
  12          #include "share.h"
  13          
  14          static void init_system_component();
  15          static void init_logic_params();
  16          
  17          void Delay500ms()       //@24.000MHz
  18          {
  19   1          unsigned char i, j, k;
  20   1      
  21   1          _nop_();
  22   1          _nop_();
  23   1          i = 46;
  24   1          j = 153;
  25   1          k = 245;
  26   1          do
  27   1          {
  28   2              do
  29   2              {
  30   3                  while (--k);
  31   3              } while (--j);
  32   2          } while (--i);
  33   1      }
  34          
  35          
  36          void instant_effective_init() {
  37   1          init_system_component();
  38   1          init_logic_params();
  39   1      }
  40          
  41          
  42          void main()
  43          {  
  44   1          // stop catching interrupt
  45   1          EA = 0;
  46   1          
  47   1          // delay
  48   1          Delay500ms();
  49   1          
  50   1         // init_A();
  51   1      
  52   1          instant_effective_init();
  53   1      
  54   1          push_pull(DRIVER_Mx, DRIVER_BIT);
  55   1          // begin catching interrupt
C51 COMPILER V9.52.0.0   MAIN                                                              01/03/2016 16:43:05 PAGE 2   

  56   1          EA = 1;
  57   1          while(1) {
  58   2              // Feed dog
  59   2              reset_watch_dog(); 
  60   2              if(INT_PROC & BLE_DUTY)
  61   2              {
  62   3                  ble_process_recieved(); 
  63   3                  INT_PROC &= ~BLE_DUTY;
  64   3                  continue;
  65   3              }
  66   2              // 闸机持续时间到
  67   2              if(INT_PROC & DRIVER_DUTY)
  68   2              {
  69   3                    // 控制计时结束 
  70   3                  candidate_driver_signal_recieving = NO;
  71   3                  // 关锁
  72   3                  DRIVER = 0;          
  73   3                  INT_PROC &= ~DRIVER_DUTY;
  74   3                  continue;
  75   3              }
  76   2              // 5s等待时间到
  77   2              if(INT_PROC & TIME_OUT_DUTY)
  78   2              {
  79   3                  // timeout
  80   3                  candidate_time_out_signal_recieving = NO;
  81   3                  //进入广播
  82   3                  BLE_Enter_Adversting();
  83   3                  INT_PROC &= ~TIME_OUT_DUTY;
  84   3                  continue;
  85   3              }
  86   2      
  87   2              if(INT_PROC & REQUEST_DUTY)
  88   2              {
  89   3                  request_process_recieved();
  90   3                  INT_PROC &= ~REQUEST_DUTY;
  91   3                  continue;
  92   3              }        
  93   2          }
  94   1      }
  95          
  96          
  97          static void init_system_component() {  
  98   1          // timer
  99   1          init_system_tick();
 100   1      
 101   1          // ble
 102   1          BLE_Init();
 103   1      }
 104          
 105          static void init_logic_params() {
 106   1          DRIVER = 0;
 107   1      }
 108          
 109          
 110          


MODULE INFORMATION:   STATIC OVERLAYABLE
   CODE SIZE        =    128    ----
   CONSTANT SIZE    =   ----    ----
   XDATA SIZE       =   ----    ----
   PDATA SIZE       =   ----    ----
C51 COMPILER V9.52.0.0   MAIN                                                              01/03/2016 16:43:05 PAGE 3   

   DATA SIZE        =   ----    ----
   IDATA SIZE       =   ----    ----
   BIT SIZE         =   ----    ----
   EDATA SIZE       =   ----    ----
   HDATA SIZE       =   ----    ----
   XDATA CONST SIZE =   ----    ----
   FAR CONST SIZE   =   ----    ----
END OF MODULE INFORMATION.


C51 COMPILATION COMPLETE.  0 WARNING(S),  0 ERROR(S)
