C51 COMPILER V9.52.0.0   USART                                                             01/03/2016 16:43:05 PAGE 1   


C51 COMPILER V9.52.0.0, COMPILATION OF MODULE USART
OBJECT MODULE PLACED IN usart.OBJ
COMPILER INVOKED BY: D:\Keil\C51\BIN\C51.EXE usart.c LARGE OMF2 BROWSE DEBUG TABS(2)

line level    source

   1          #include "usart.h"
   2          #include "string.h"
   3          
   4          #define BaudRateTimer 0xFD8F
   5          
   6          static bool share_timer2_init_finish = FALSE;
   7          
   8          volatile COMx_Define xdata COM1;
   9          void USART_Share_Timer2() {
  10   1          if (!share_timer2_init_finish) {
  11   2              Timer2_Stop();              //Timer stop
  12   2              
  13   2              Timer2_AsTimer();           //Timer2 set As Timer
  14   2              Timer2_1T() ;               //Timer2 set as 1T mode
  15   2              T2_Load(BaudRateTimer);
  16   2              Timer2_InterruptDisable();  //禁止中断
  17   2              
  18   2              Timer2_Run();               //Timer run enable
  19   2      
  20   2              share_timer2_init_finish = TRUE;
  21   2          }
  22   1      }
  23          
  24          void USART_Init(COMx_Define xdata *com)
  25          {
  26   1          com->TX_read = 0;
  27   1          com->TX_write = 0;
  28   1          com->B_TX_busy = 0;
  29   1          com->RX_Cnt = 0;
  30   1          com->RX_TimeOut = 0;
  31   1          com->B_RX_OK = 0;
  32   1      }
  33          
  34          // Handle usart trigger: TimeOut(usart command gap) count down to zero
  35          bool USART_RX_Block(COMx_Define xdata *com) 
  36          {
  37   1          if (!com->RX_Cnt) 
  38   1              return FALSE;
  39   1      
  40   1          if (com->RX_TimeOut && !--com->RX_TimeOut)
  41   1              com->B_RX_OK = TRUE;
  42   1      
  43   1          if (!com->RX_TimeOut)
  44   1              com->B_RX_OK = TRUE;
  45   1      
  46   1          return com->B_RX_OK;
  47   1      }
  48          
  49          void USART_Finish_Rx(COMx_Define xdata *com)  
  50          {
  51   1          com->RX_Cnt = 0;
  52   1          com->B_RX_OK = FALSE;
  53   1      }


C51 COMPILER V9.52.0.0   USART                                                             01/03/2016 16:43:05 PAGE 2   

MODULE INFORMATION:   STATIC OVERLAYABLE
   CODE SIZE        =    181    ----
   CONSTANT SIZE    =   ----    ----
   XDATA SIZE       =      6    ----
   PDATA SIZE       =   ----    ----
   DATA SIZE        =   ----    ----
   IDATA SIZE       =   ----    ----
   BIT SIZE         =      1    ----
   EDATA SIZE       =   ----    ----
   HDATA SIZE       =   ----    ----
   XDATA CONST SIZE =   ----    ----
   FAR CONST SIZE   =   ----    ----
END OF MODULE INFORMATION.


C51 COMPILATION COMPLETE.  0 WARNING(S),  0 ERROR(S)
