C51 COMPILER V9.52.0.0   MAIN                                                              01/18/2016 20:03:24 PAGE 1   


C51 COMPILER V9.52.0.0, COMPILATION OF MODULE MAIN
OBJECT MODULE PLACED IN main.OBJ
COMPILER INVOKED BY: D:\Keil\C51\BIN\C51.EXE main.c LARGE OMF2 BROWSE DEBUG TABS(2)

line level    source

   1          #include "config.h"
   2          #include "utils.h"
   3          #include "sync.h"
   4          #include "ble.h"
   5          #include "task.h"
   6          #include "share.h"
   7          #include "entang.h"
   8          
   9          static void init_system_component();
  10          static void init_logic_params();
  11          
  12          void instant_effective_init() {
  13   1          init_system_component();
  14   1          init_logic_params();
  15   1      }
  16          
  17          
  18          void main()
  19          {  
  20   1          // stop catching interrupt
  21   1          EA = 0;
  22   1      
  23   1          instant_effective_init();
  24   1          // begin catching interrupt
  25   1          EA = 1;
  26   1          while(1)
  27   1          {
  28   2              reset_watch_dog(); 
  29   2      
  30   2              //BLE_Enter_Adversting();
  31   2      
  32   2              if(INT_PROC & BLE_DUTY)
  33   2              {
  34   3                  ble_process_recieved(); 
  35   3                  INT_PROC &= ~BLE_DUTY;
  36   3                  continue;
  37   3              }
  38   2              // 闸机持续时间到
  39   2              if(INT_PROC & DRIVER_DUTY)
  40   2              {
  41   3                  // 控制计时结束 
  42   3                  candidate_driver_signal_recieving = NO;
  43   3                  // 关锁
  44   3                  DRIVER = 0;          
  45   3                  INT_PROC &= ~DRIVER_DUTY;
  46   3                  continue;
  47   3              }
  48   2              // 5s等待时间到
  49   2              if(INT_PROC & TIME_OUT_DUTY)
  50   2              {
  51   3                  // timeout
  52   3                  candidate_time_out_signal_recieving = NO;
  53   3                  //进入广播
  54   3                  BLE_Enter_Adversting();
  55   3                  INT_PROC &= ~TIME_OUT_DUTY;
C51 COMPILER V9.52.0.0   MAIN                                                              01/18/2016 20:03:24 PAGE 2   

  56   3                  continue;
  57   3              }
  58   2      
  59   2              if(INT_PROC & REQUEST_DUTY)
  60   2              {
  61   3                  request_process_recieved();
  62   3                  INT_PROC &= ~REQUEST_DUTY;
  63   3                  continue;
  64   3              } 
  65   2          }
  66   1      }
  67          
  68          
  69          static void init_system_component() {
  70   1          // io口
  71   1          quasi_bidirectional(2, 0x04);
  72   1          quasi_bidirectional(2, 0x08);
  73   1          push_pull(DRIVER_Mx, DRIVER_BIT);
  74   1          push_pull(3, 0x10);
  75   1          pure_input(3, 0x04);  
  76   1          // timer
  77   1          init_system_tick();
  78   1      
  79   1          // ble
  80   1          BLE_Init();
  81   1      }
  82          
  83          static void init_logic_params() {
  84   1          DRIVER = 0;
  85   1          BC = 1;
  86   1          ENTANG_key_init();
  87   1      }
  88          
  89          
  90          


MODULE INFORMATION:   STATIC OVERLAYABLE
   CODE SIZE        =    138    ----
   CONSTANT SIZE    =   ----    ----
   XDATA SIZE       =   ----    ----
   PDATA SIZE       =   ----    ----
   DATA SIZE        =   ----    ----
   IDATA SIZE       =   ----    ----
   BIT SIZE         =   ----    ----
   EDATA SIZE       =   ----    ----
   HDATA SIZE       =   ----    ----
   XDATA CONST SIZE =   ----    ----
   FAR CONST SIZE   =   ----    ----
END OF MODULE INFORMATION.


C51 COMPILATION COMPLETE.  0 WARNING(S),  0 ERROR(S)
