C51 COMPILER V9.52.0.0   SYNC                                                              01/18/2016 20:03:23 PAGE 1   


C51 COMPILER V9.52.0.0, COMPILATION OF MODULE SYNC
OBJECT MODULE PLACED IN sync.OBJ
COMPILER INVOKED BY: D:\Keil\C51\BIN\C51.EXE sync.c LARGE OMF2 BROWSE DEBUG TABS(2)

line level    source

   1          #include "sync.h"
   2          #include "task.h"
   3          #include "share.h"
   4          #include "utils.h"
   5          #include "config.h"
   6          
   7          #define T200Hz  (MAIN_Fosc / 12 / 200)
   8          #define Timer0_Reload   (65536UL - T200Hz)  
   9          
  10          static u8 counter_for_second = 200;
  11          static u8 counter_for_reset = 60;
  12          static u8 counter_for_second_time_out = COUNTER_PER_SECOND;
  13          static u8 counter_for_second_driver = COUNTER_PER_SECOND;
  14          static u8 counter_for_timeout = TIME_OUT_TASK_INTERVAL;
  15          static u8 counter_for_driver = DRIVER_TASK_INTERVAL;
  16          
  17          void reset_all_counters() {
  18   1          reset_counter_for_second_time_out();
  19   1          reset_counter_for_second_driver();
  20   1          reset_counter_for_timeout();
  21   1          reset_counter_for_driver();
  22   1      }
  23          
  24          
  25          void reset_counter_for_ble() {
  26   1          counter_for_second = 200; 
  27   1          counter_for_reset = 60;
  28   1      }
  29          
  30          void init_system_tick() {
  31   1          Timer0_12T();
  32   1          Timer0_AsTimer();
  33   1          Timer0_16bitAutoReload();
  34   1          T0_Load(0xD8F0);
  35   1          Timer0_InterruptEnable();
  36   1          Timer0_Run();
  37   1      }
  38          
  39          void sync_with_alert() // 2ms @24.000MHz
  40          {
  41   1          unsigned char i, j;
  42   1          i = 47;
  43   1          j = 174;
  44   1          do
  45   1          {
  46   2              while (--j);
  47   2          } while (--i);
  48   1      }
  49          
  50          // 
  51          void tm0_isr() interrupt TIMER0_VECTOR  using 1
  52          {    
  53   1      
  54   1          if(!--counter_for_second)
  55   1          {
C51 COMPILER V9.52.0.0   SYNC                                                              01/18/2016 20:03:23 PAGE 2   

  56   2              counter_for_second = 200;
  57   2              if(!--counter_for_reset)
  58   2              {
  59   3                  counter_for_reset = 60;
  60   3                  BC = 0; 
  61   3              }
  62   2          }
  63   1      
  64   1      
  65   1          if (candidate_time_out_signal_recieving)
  66   1          {
  67   2              --counter_for_second_time_out;
  68   2              if (!counter_for_second_time_out)
  69   2              {
  70   3                  reset_counter_for_second_time_out();
  71   3                  --counter_for_timeout;
  72   3                  if(!counter_for_timeout)
  73   3                  {
  74   4                      INT_PROC |= TIME_OUT_DUTY;
  75   4                      reset_counter_for_timeout();
  76   4                  }
  77   3              }
  78   2          }
  79   1      
  80   1          if(candidate_driver_signal_recieving)
  81   1          {
  82   2              --counter_for_second_driver;
  83   2              if(!counter_for_second_driver)
  84   2              {
  85   3                  reset_counter_for_second_driver();
  86   3                  --counter_for_driver;
  87   3                  if(!counter_for_driver)
  88   3                  {
  89   4                      INT_PROC |= DRIVER_DUTY;
  90   4                      reset_counter_for_driver();
  91   4                  } 
  92   3              }
  93   2          }
  94   1      }


MODULE INFORMATION:   STATIC OVERLAYABLE
   CODE SIZE        =    177    ----
   CONSTANT SIZE    =   ----    ----
   XDATA SIZE       =      6    ----
   PDATA SIZE       =   ----    ----
   DATA SIZE        =   ----    ----
   IDATA SIZE       =   ----    ----
   BIT SIZE         =   ----    ----
   EDATA SIZE       =   ----    ----
   HDATA SIZE       =   ----    ----
   XDATA CONST SIZE =   ----    ----
   FAR CONST SIZE   =   ----    ----
END OF MODULE INFORMATION.


C51 COMPILATION COMPLETE.  0 WARNING(S),  0 ERROR(S)
