C51 COMPILER V9.52.0.0   BEEP                                                              11/01/2016 13:13:09 PAGE 1   


C51 COMPILER V9.52.0.0, COMPILATION OF MODULE BEEP
OBJECT MODULE PLACED IN beep.OBJ
COMPILER INVOKED BY: C:\Keil\C51\BIN\C51.EXE beep.c LARGE OMF2 BROWSE DEBUG TABS(2)

line level    source

   1          #include "beep.h"
   2          #include "intrins.h"
   3          
   4          u16 idata pca_next_target = 0;
   5          static code u16 const pca_next_param[5] = {T100Hz, T4kHz, T800Hz, T600Hz, T600Hz};
   6          
   7          u16 idata pca_param = T4kHz;
   8          
   9          volatile bit lock_fail_from_server = 0;
  10          volatile speak_t speak_mode = mute;
  11          volatile lock_st status = off;
  12          // volatile sys_st status;
  13          
  14          void speak_alter_pca_init() 
  15          {
  16   1         pca_param = pca_next_param[alter_beep];
  17   1      }
  18          
  19          void init_beep_io()
  20          {
  21   1          // mid
  22   1        push_pull(1, 0x01);
  23   1          // max
  24   1          push_pull(1, 0x02);
  25   1          // buzzer
  26   1        push_pull(3, 0x80);
  27   1      
  28   1          speak_beep_disable();
  29   1      }
  30          
  31          
  32          
  33          void speak_init_params() {
  34   1          CCON = 0;                       //初始化PCA控制寄存器
  35   1                                          //PCA定时器停止
  36   1                                          //清除CF标志
  37   1                                          //清除模块中断标志
  38   1          CL = 0;
  39   1          CH = 0;
  40   1          pca_next_target =  pca_next_target + pca_next_param[0];
  41   1          CCAP0L = pca_next_target;
  42   1          CCAP0H = pca_next_target >> 8;
  43   1          CMOD = 0x00;                    //设置PCA时钟源
  44   1                                          //禁止PCA定时器溢出中断
  45   1        CCAPM0 = 0x49;                  //PCA模块0为16位定时器模式
  46   1          CR = 1;
  47   1      }
  48          
  49          
  50          //PCA中断 speak发声
  51          void pca_isr() interrupt 7 using 1 
  52          {
  53   1          CCF0 = 0;     //  清中断标志
  54   1          if(!speak_mode){
  55   2              pca_next_target =  pca_next_target + pca_next_param[speak_mode];
C51 COMPILER V9.52.0.0   BEEP                                                              11/01/2016 13:13:09 PAGE 2   

  56   2              CCAP0L = pca_next_target;
  57   2              CCAP0H = pca_next_target >> 8;       
  58   2          } else if(speak_mode == alter_beep) {
  59   2              speak_beep_enable();
  60   2              pca_next_target =  pca_next_target + pca_param;
  61   2              CCAP0L = pca_next_target;
  62   2              CCAP0H = pca_next_target >> 8;
  63   2              pca_param ++;
  64   2              if(pca_param >= T2kHz)
  65   2                  pca_param = T4kHz;
  66   2         } else if(speak_mode == trace_beep || speak_mode == open_beep){
  67   2              speak_beep_enable();
  68   2              pca_next_target =  pca_next_target + pca_next_param[speak_mode];
  69   2              CCAP0L = pca_next_target;
  70   2              CCAP0H = pca_next_target >> 8;
  71   2         }
  72   1      }


MODULE INFORMATION:   STATIC OVERLAYABLE
   CODE SIZE        =    245    ----
   CONSTANT SIZE    =     10    ----
   XDATA SIZE       =      2    ----
   PDATA SIZE       =   ----    ----
   DATA SIZE        =   ----    ----
   IDATA SIZE       =      4    ----
   BIT SIZE         =      1    ----
   EDATA SIZE       =   ----    ----
   HDATA SIZE       =   ----    ----
   XDATA CONST SIZE =   ----    ----
   FAR CONST SIZE   =   ----    ----
END OF MODULE INFORMATION.


C51 COMPILATION COMPLETE.  0 WARNING(S),  0 ERROR(S)
