C51 COMPILER V9.52.0.0   SHARE                                                             12/02/2016 16:34:30 PAGE 1   


C51 COMPILER V9.52.0.0, COMPILATION OF MODULE SHARE
OBJECT MODULE PLACED IN share.OBJ
COMPILER INVOKED BY: C:\Keil\C51\BIN\C51.EXE share.c DEBUG OBJECTEXTEND TABS(2)

line level    source

   1          #include "stc15wxxxx.h"
   2          #include "share.h"
   3          #include "utils.h"
   4          
   5          volatile bit time_colon_icon = 1;
   6          
   7          volatile time_t xdata local_time;
   8          
   9          volatile bit countdown_signal_start = NO;
  10          
  11          
  12          volatile u8 status_system = 0;
  13          
  14          
  15          volatile u8 power_level = 5;
  16          volatile u8 power_display_level = 5;
  17          
  18          volatile u8 color_level = 0;
  19          
  20          
  21          volatile u8 status_mb_key = 0; 
  22          
  23          volatile bit increase_fast_refresh = NO;
  24          volatile bit decrease_fast_refresh = NO;
  25          volatile u8 icon_power = 0;
  26          
  27          volatile bit charge_on = 0;
  28          volatile bit no_operation_exit = NO;
  29          
  30          
  31          volatile bit adc_sampling = NO;
  32          volatile bit key_sampling = NO;
  33          
  34          volatile u16 interval_no_operation = 6000;
  35          


MODULE INFORMATION:   STATIC OVERLAYABLE
   CODE SIZE        =   ----    ----
   CONSTANT SIZE    =   ----    ----
   XDATA SIZE       =      2    ----
   PDATA SIZE       =   ----    ----
   DATA SIZE        =      8    ----
   IDATA SIZE       =   ----    ----
   BIT SIZE         =      8    ----
END OF MODULE INFORMATION.


C51 COMPILATION COMPLETE.  0 WARNING(S),  0 ERROR(S)
