C51 COMPILER V9.52.0.0   BEEP                                                              12/27/2016 13:09:30 PAGE 1   


C51 COMPILER V9.52.0.0, COMPILATION OF MODULE BEEP
OBJECT MODULE PLACED IN beep.OBJ
COMPILER INVOKED BY: C:\Keil\C51\BIN\C51.EXE beep.c DEBUG OBJECTEXTEND TABS(2)

line level    source

   1          #include "beep.h"
   2          #include "def.h"
   3          #include "share.h"
   4          #include "intrins.h"
   5          
   6          u16 pca_next_target = 0;
   7          
   8          
   9          //0：MUTE
  10          //1：解锁  600hz
  11          //2：寻车  600hz
  12          //3：关锁  800\500hz(响一声100、100)
  13          //4：报警1 800\500hz
  14          //5：报警2 800\500hz
  15          //6：启动  500hz
  16          //7: 喇叭  600hz
  17          //8: 闪灯  1000hz
  18          u16 pca_next_param[2] = {T4kHz, T1000Hz};
  19          
  20          
  21          
  22          void speak_beep_enable()
  23          {
  24   1          if(!MUTE)
  25   1              SPEAK_TURN = 0;
  26   1          else
  27   1              SPEAK_TURN = ~SPEAK_TURN;
  28   1      
  29   1      }
  30          
  31          void init_beep_io()
  32          {
  33   1        push_pull(1, 0x01);
  34   1          push_pull(1, 0x02);
  35   1      }
  36          
  37          
  38          // void detect_buzzer_io()
  39          // {
  40          //  if (!BUZZER)
  41          //     {
  42          //         mute_beep_enable();
  43          //         speak_mode_set |= 0x0100;
  44          //         speak_mode = buzzer;
  45                  
  46          //     }
  47          //     else
  48          //         speak_mode_set &= ~0x0100;
  49          
  50          // }
  51          
  52          
  53          
  54          
  55          void speak_init_params() {
C51 COMPILER V9.52.0.0   BEEP                                                              12/27/2016 13:09:30 PAGE 2   

  56   1          CCON = 0;                       //初始化PCA控制寄存器
  57   1                                          //PCA定时器停止
  58   1                                          //清除CF标志
  59   1                                          //清除模块中断标志
  60   1          CL = 0;
  61   1          CH = 0;
  62   1          pca_next_target =  pca_next_target + pca_next_param[0];
  63   1          CCAP0L = pca_next_target;
  64   1          CCAP0H = pca_next_target >> 8;
  65   1          CMOD = 0x00;                    //设置PCA时钟源
  66   1                                          //禁止PCA定时器溢出中断
  67   1        CCAPM0 = 0x49;                  //PCA模块0为16位定时器模式
  68   1          CR = 1;
  69   1      }
  70          
  71          
  72          //PCA中断 speak发声
  73          //TODO：解决按键中断speak持续一个周期
  74          void pca_isr() interrupt 7 using 1 
  75          {
  76   1          CCF0 = 0;     //  清中断标志
  77   1          if(!speak_mode_set){
  78   2              speak_beep_disable(); 
  79   2              mute_beep_disable();
  80   2              speak_mode = mute;
  81   2              pca_next_target =  pca_next_target + pca_next_param[speak_mode];
  82   2              CCAP0L = pca_next_target;
  83   2              CCAP0H = pca_next_target >> 8;       
  84   2          } else {
  85   2              speak_beep_enable();
  86   2              pca_next_target =  pca_next_target + pca_next_param[speak_mode];
  87   2              CCAP0L = pca_next_target;
  88   2              CCAP0H = pca_next_target >> 8;
  89   2         }
  90   1      }


MODULE INFORMATION:   STATIC OVERLAYABLE
   CODE SIZE        =    114    ----
   CONSTANT SIZE    =   ----    ----
   XDATA SIZE       =   ----    ----
   PDATA SIZE       =   ----    ----
   DATA SIZE        =      6    ----
   IDATA SIZE       =   ----    ----
   BIT SIZE         =   ----    ----
END OF MODULE INFORMATION.


C51 COMPILATION COMPLETE.  0 WARNING(S),  0 ERROR(S)
