C51 COMPILER V9.52.0.0   SHARE                                                             12/27/2016 13:09:28 PAGE 1   


C51 COMPILER V9.52.0.0, COMPILATION OF MODULE SHARE
OBJECT MODULE PLACED IN share.OBJ
COMPILER INVOKED BY: C:\Keil\C51\BIN\C51.EXE share.c DEBUG OBJECTEXTEND TABS(2)

line level    source

   1          #include "stc15wxxxx.h"
   2          #include "share.h"
   3          #include "utils.h"
   4          volatile u8 display_code[20]={0x00,0x00,0x00,0x00,0x00,0x00,0x00,0x00,0x00,0x00,0x00,0x00,0x00,0x00,0x00,0
             -x00,0x00,0x00,0x00,0x00};
   5          
   6          
   7          volatile bit time_colon_icon = 1;
   8          
   9          volatile time_t xdata local_time;
  10          
  11          volatile u8 speak_mode_set = 0; 
  12          
  13          volatile speak_t speak_mode; 
  14          
  15          volatile u16 speed_counter = 0; 
  16          
  17          volatile u16 local; 
  18          


MODULE INFORMATION:   STATIC OVERLAYABLE
   CODE SIZE        =   ----    ----
   CONSTANT SIZE    =   ----    ----
   XDATA SIZE       =      3    ----
   PDATA SIZE       =   ----    ----
   DATA SIZE        =     26    ----
   IDATA SIZE       =   ----    ----
   BIT SIZE         =      1    ----
END OF MODULE INFORMATION.


C51 COMPILATION COMPLETE.  0 WARNING(S),  0 ERROR(S)
