C51 COMPILER V9.52.0.0   SYNC                                                              12/27/2016 13:09:28 PAGE 1   


C51 COMPILER V9.52.0.0, COMPILATION OF MODULE SYNC
OBJECT MODULE PLACED IN sync.OBJ
COMPILER INVOKED BY: C:\Keil\C51\BIN\C51.EXE sync.c DEBUG OBJECTEXTEND TABS(2)

line level    source

   1          #include "sync.h"
   2          #include "task.h"
   3          #include "share.h"
   4          #include "jl17467pqw.h"
   5          #include "control.h"
   6          #include "beep.h"
   7          #include "light.h"
   8           
   9          u8 lcd_task_interval = LCD_DISPLAY_TASK_INTERVAL;
  10          u8 second_task_interval = COUNTER_PER_SECOND;
  11          u8 speed_cal_interval = SPEED_TASK_INTERVAL;
  12          u8 counter_per_second_for_time = 2;
  13          u16 int0_counter = 0;
  14          
  15          void reset_speed_cal()
  16          {
  17   1          int0_counter = 0;
  18   1          // flag = 1;
  19   1      }
  20          
  21          
  22          void reset_speed_time()
  23          {
  24   1          speed_cal_interval = SPEED_TASK_INTERVAL;
  25   1      }
  26          
  27          
  28          void init_system_tick() {
  29   1          Timer0_12T();
  30   1          Timer0_AsTimer();
  31   1          Timer0_16bitAutoReload();
  32   1          T0_Load(0xB1E0);
  33   1          Timer0_InterruptEnable();
  34   1          Timer0_Run();
  35   1      }
  36          
  37          
  38          void init_speed_driver() {
  39   1          INT0 = 1;
  40   1          IT0 = 1;                    //  设置INT0的中断类型 (1:仅下降沿 0:上升沿和下降沿)
  41   1          EX0 = ENABLE;                
  42   1      }
  43          
  44          
  45          
  46          // 10ms 定时中断
  47          void tm0_isr() interrupt TIMER0_VECTOR  using 1
  48          {    
  49   1      
  50   1              // 10ms 灯
  51   1              INT_PROC |= KEY_SCAN_DUTY;
  52   1      
  53   1              // 500ms 刷新一次时间
  54   1              if(!--second_task_interval)
  55   1              {
C51 COMPILER V9.52.0.0   SYNC                                                              12/27/2016 13:09:28 PAGE 2   

  56   2                  INT_PROC |= TIME_SYNC_DUTY;
  57   2                  // 计时图标闪烁
  58   2                  time_colon_icon = ~time_colon_icon;
  59   2      
  60   2                  // 计算时间
  61   2                  if(!--counter_per_second_for_time)
  62   2                  {
  63   3                      if(local_time.second++ == 59)
  64   3                      {
  65   4                          local_time.second = 0;
  66   4                          if(local_time.minute++ == 59)
  67   4                          {
  68   5                              local_time.minute = 0;
  69   5                              local_time.hour ++;
  70   5                          }
  71   4                      }
  72   3                      counter_per_second_for_time = 2;
  73   3                  }
  74   2                  second_task_interval = COUNTER_PER_SECOND;
  75   2              }
  76   1      
  77   1              // 20ms刷新LCD
  78   1              if (!--lcd_task_interval) {
  79   2                  INT_PROC |= LCD_DISPLAY_DUTY;
  80   2                  lcd_task_interval = LCD_DISPLAY_TASK_INTERVAL; 
  81   2              }
  82   1      
  83   1      
  84   1              //  500ms获取一次速度、刷新一次温度和电压
  85   1              if(!--speed_cal_interval)
  86   1              {
  87   2                  INT_PROC |= ADC_DUTY;
  88   2                  speed_counter = int0_counter;
  89   2                  int0_counter = 0;
  90   2                  speed_cal_interval = SPEED_TASK_INTERVAL;
  91   2              }
  92   1      
  93   1          
  94   1       
  95   1          }
  96          
  97          
  98          
  99          //控制信号中断(上升沿和下降沿中断)
 100          //中断0
 101          void exint0() interrupt INT0_VECTOR  using 3 //INT1中断入口
 102          {
 103   1              int0_counter ++;
 104   1      
 105   1      }
 106          


MODULE INFORMATION:   STATIC OVERLAYABLE
   CODE SIZE        =    164    ----
   CONSTANT SIZE    =   ----    ----
   XDATA SIZE       =   ----    ----
   PDATA SIZE       =   ----    ----
   DATA SIZE        =      6    ----
   IDATA SIZE       =   ----    ----
   BIT SIZE         =   ----    ----
END OF MODULE INFORMATION.

C51 COMPILER V9.52.0.0   SYNC                                                              12/27/2016 13:09:28 PAGE 3   


C51 COMPILATION COMPLETE.  0 WARNING(S),  0 ERROR(S)
