C51 COMPILER V9.52.0.0   TIME                                                              12/27/2016 13:09:29 PAGE 1   


C51 COMPILER V9.52.0.0, COMPILATION OF MODULE TIME
OBJECT MODULE PLACED IN time.OBJ
COMPILER INVOKED BY: C:\Keil\C51\BIN\C51.EXE time.c DEBUG OBJECTEXTEND TABS(2)

line level    source

   1          #include "time.h"
   2          #include "share.h"
   3          #include "jl17467pqw.h"
   4          
   5          void time_init()
   6          {
   7   1          local_time.second = 0;
   8   1          local_time.minute = 0;
   9   1          local_time.hour = 0;
  10   1      }
  11          
  12          
  13          void time_sync()
  14          {
  15   1          jt17467pqw_set_time(local_time);
  16   1      }


MODULE INFORMATION:   STATIC OVERLAYABLE
   CODE SIZE        =     32    ----
   CONSTANT SIZE    =   ----    ----
   XDATA SIZE       =   ----    ----
   PDATA SIZE       =   ----    ----
   DATA SIZE        =   ----    ----
   IDATA SIZE       =   ----    ----
   BIT SIZE         =   ----    ----
END OF MODULE INFORMATION.


C51 COMPILATION COMPLETE.  0 WARNING(S),  0 ERROR(S)
