C51 COMPILER V9.52.0.0   PUTCHAR                                                           11/08/2016 20:38:39 PAGE 1   


C51 COMPILER V9.52.0.0, COMPILATION OF MODULE PUTCHAR
OBJECT MODULE PLACED IN .\list\putchar.obj
COMPILER INVOKED BY: C:\Keil\C51\BIN\C51.EXE putchar.c LARGE OMF2 BROWSE DEBUG PRINT(.\list\putchar.lst) TABS(2) OBJECT(
                    -.\list\putchar.obj)

line level    source

   1          #include "config.h"
   2          #include "uart.h"
   3          
   4          char putchar (char c)
   5          {
   6   1        return TX_write2buff(COM[DEBUG_UART_ID], c);
   7   1      }


MODULE INFORMATION:   STATIC OVERLAYABLE
   CODE SIZE        =     14    ----
   CONSTANT SIZE    =   ----    ----
   XDATA SIZE       =   ----    ----
   PDATA SIZE       =   ----    ----
   DATA SIZE        =   ----    ----
   IDATA SIZE       =   ----    ----
   BIT SIZE         =   ----    ----
   EDATA SIZE       =   ----    ----
   HDATA SIZE       =   ----    ----
   XDATA CONST SIZE =   ----    ----
   FAR CONST SIZE   =   ----    ----
END OF MODULE INFORMATION.


C51 COMPILATION COMPLETE.  0 WARNING(S),  0 ERROR(S)
