C51 COMPILER V9.52.0.0   COM_1                                                             09/07/2015 13:09:21 PAGE 1   


C51 COMPILER V9.52.0.0, COMPILATION OF MODULE COM_1
OBJECT MODULE PLACED IN com_1.OBJ
COMPILER INVOKED BY: F:\Keil\C51\BIN\C51.EXE com_1.c COMPACT OMF2 OPTIMIZE(9,SPEED) BROWSE DEBUG TABS(2)

line level    source

   1          /*  
   2          * STC-ISP导入芯片信息至Keil
   3          * 采用STC15W404AS系列
   4          * 假定测试芯片的工作频率为18.432MHz
   5          */
   6          
   7          #include "led.h"
   8          #include "sync.h"
   9          #include "display.h"
  10          #include "shared.h"
  11          #include "e2prom.h"
  12          
  13          #define disable_all_interrupt() EA = 0
  14          #define enable_all_interrupt() EA = 1
  15          
  16          static void init_system_component();
  17          
  18          #define IO_LED_LEFT     0x40  // P3.6
  19          #define IO_LED_RIGHT    0x80  // P3.7
  20          #define IO_P33          0x08    // P3.3
  21          #define IO_INT      0x04  // P3.2
  22          
  23          
  24          
  25          void SendData(u8 dat)
  26          {
  27   1          while (!TI);                  
  28   1          TI = 0;                        
  29   1          SBUF = dat;                    
  30   1      }
  31          
  32          
  33          void InitUart()
  34          {
  35   1          SCON = 0x5a;                                
  36   1          T2L = 0x20;                 
  37   1          T2H = 0xfe; 
  38   1          AUXR = 0x14;               
  39   1          AUXR |= 0x01;
  40   1      }
  41          
  42          void require_delay_init() {
  43   1        set_push_pull_output_on3(IO_LED_LEFT);
  44   1        set_push_pull_output_on3(IO_LED_RIGHT);
  45   1          set_push_pull_output_on3(IO_P33);
  46   1        set_input_only_on3(IO_INT);
  47   1      }
  48          
  49          static void
  50          detect_current_state() {
  51   1        u8 display_mode = (~P10);
  52   1        display_mode = display_mode << 1 | (~P11);
  53   1        display_mode = display_mode << 1 | (~P12);
  54   1        display_mode = display_mode << 1 | (~P13);
  55   1          // display_mode = 0;
C51 COMPILER V9.52.0.0   COM_1                                                             09/07/2015 13:09:21 PAGE 2   

  56   1        if(display_mode == 0x00)
  57   1        {
  58   2          display_mode_set = bi_directional_storbing;
  59   2          // 从EEPROM取值
  60   2          display_mode_logic = EEPROM_read(IAP_ADDRESS);
  61   2          if(!display_mode_logic || display_mode_logic >= 13)
  62   2            display_mode_logic = 2;
  63   2        }
  64   1          else if(display_mode == 0x0F)
  65   1          {
  66   2              display_mode_set = display_mode;
  67   2              display_mode_logic = 2;
  68   2          }
  69   1        else
  70   1          display_mode_set = display_mode;
  71   1        display_mode_set_changed();  
  72   1      }
  73          
  74          void main()
  75          {
  76   1        u8 time_counter_for_cycle = 4;
  77   1          disable_all_interrupt();
  78   1        //设置输出口、中断
  79   1        require_delay_init();
  80   1        InitUart();
  81   1        init_system_component();
  82   1        //初始化端口
  83   1        P33 = 0;
  84   1        enable_all_interrupt();
  85   1        //检测当前状态
  86   1        detect_current_state();
  87   1          while(1) {
  88   2            // Feed dog
  89   2            reset_watch_dog();
  90   2            // 驱动灯光开关
  91   2       //     toggle_once();
  92   2            // 5ms system tick-tock
  93   2            if (INT_PROC & TICK_DUTY) {
  94   3              cycle_based_adjust(counter_for_cycle);
  95   3                  INT_PROC &= ~TICK_DUTY;
  96   3       //       continue;
  97   3            }
  98   2      
  99   2            if (INT_PROC & EXINT_PROC) {
 100   3                  EX0 = 0;
 101   3                  SendData(time_counter>>8);
 102   3       //           SendData(time_counter);
 103   3              if(time_counter <= 2000)
 104   3                  {
 105   4                if(display_mode_set == combination)
 106   4                      {
 107   5                          -- time_counter_for_cycle;
 108   5                      }
 109   4                      // 循环四次跳至下一个功能
 110   4                      if(!time_counter_for_cycle)
 111   4                      {
 112   5                          display_mode_logic++;
 113   5                          time_counter_for_cycle = 4;
 114   5                      }
 115   4                      if(display_mode_logic == 13)
 116   4                          display_mode_logic = 1;
 117   4       //               SendData(display_mode_logic);
C51 COMPILER V9.52.0.0   COM_1                                                             09/07/2015 13:09:21 PAGE 3   

 118   4                      display_mode_set_changed();
 119   4                  }
 120   3              // if(display_mode_set == bi_directional_storbing && (time_counter >> 8)!= 0x26)
 121   3                  if(display_mode_set == bi_directional_storbing)
 122   3              {
 123   4                if(time_counter >= 50000 && time_counter < 500000){
 124   5                  display_mode_logic ++;
 125   5                          if(display_mode_logic == 13)
 126   5                              display_mode_logic = 1;
 127   5                      }
 128   4                if(time_counter >= 500000)
 129   4                  display_mode_logic = 2;
 130   4                      EEPROM_SectorErase(IAP_ADDRESS);
 131   4                EEPROM_write(IAP_ADDRESS, display_mode_logic);
 132   4      //                SendData(display_mode_logic);
 133   4                display_mode_set_changed();
 134   4              }
 135   3              time_counter = 0;
 136   3              INT_PROC &= ~EXINT_PROC;
 137   3                  EX0 = 1;
 138   3              continue;
 139   3            }
 140   2          }
 141   1      }
 142          
 143          static void
 144          init_system_component() {
 145   1        init_sync_timer();
 146   1        init_ac_driver();
 147   1      }
 148          


MODULE INFORMATION:   STATIC OVERLAYABLE
   CODE SIZE        =    397    ----
   CONSTANT SIZE    =   ----    ----
   XDATA SIZE       =   ----    ----
   PDATA SIZE       =   ----       2
   DATA SIZE        =   ----    ----
   IDATA SIZE       =   ----    ----
   BIT SIZE         =   ----    ----
   EDATA SIZE       =   ----    ----
   HDATA SIZE       =   ----    ----
   XDATA CONST SIZE =   ----    ----
   FAR CONST SIZE   =   ----    ----
END OF MODULE INFORMATION.


C51 COMPILATION COMPLETE.  0 WARNING(S),  0 ERROR(S)
