C51 COMPILER V9.52.0.0   USART                                                             09/04/2016 12:24:35 PAGE 1   


C51 COMPILER V9.52.0.0, COMPILATION OF MODULE USART
OBJECT MODULE PLACED IN usart.OBJ
COMPILER INVOKED BY: C:\Keil\C51\BIN\C51.EXE usart.c ROM(COMPACT) BROWSE DEBUG OBJECTEXTEND TABS(2)

line level    source

   1          #include "usart.h"
   2          #include "string.h"
   3          
   4          static const u32 code  BaudRateTimer = 65536UL - (MAIN_Fosc / 4) / 9600;
   5          static bool share_timer2_init_finish = FALSE;
   6          volatile  COMx_Define idata COM1;
   7          
   8          void USART_Share_Timer2() {
   9   1          if (!share_timer2_init_finish) 
  10   1          {
  11   2              Timer2_Stop();              //Timer stop
  12   2              
  13   2              Timer2_AsTimer();           //Timer2 set As Timer
  14   2              Timer2_1T() ;               //Timer2 set as 1T mode
  15   2              // T2_Load(BaudRateTimer);
  16   2              T2L = 0x8F;     //设定定时初值
  17   2              T2H = 0xFD;     //设定定时初值
  18   2              Timer2_InterruptDisable();  //禁止中断
  19   2              
  20   2              Timer2_Run();               //Timer run enable
  21   2      
  22   2              share_timer2_init_finish = TRUE;
  23   2          }
  24   1      }
  25          
  26          void USART_Init(COMx_Define idata *com) {
  27   1          com->TX_read = 0;
  28   1          com->TX_write = 0;
  29   1          com->B_TX_busy = 0;
  30   1          com->RX_Cnt = 0;
  31   1          com->RX_TimeOut = 0;
  32   1          com->B_RX_OK = 0;
  33   1      }
  34          
  35          // Handle usart trigger: TimeOut(usart command gap) count down to zero
  36          bool USART_RX_Block(COMx_Define idata *com) {
  37   1          if (!com->RX_Cnt) 
  38   1              return FALSE;
  39   1      
  40   1          if (com->RX_TimeOut && !--com->RX_TimeOut)
  41   1              com->B_RX_OK = TRUE;
  42   1      
  43   1          if (!com->RX_TimeOut)
  44   1              com->B_RX_OK = TRUE;
  45   1      
  46   1          return com->B_RX_OK;
  47   1      }
  48          
  49          void USART_Finish_Rx(COMx_Define idata *com) {
  50   1          com->RX_Cnt = 0;
  51   1          com->B_RX_OK = FALSE;
  52   1      }


MODULE INFORMATION:   STATIC OVERLAYABLE
C51 COMPILER V9.52.0.0   USART                                                             09/04/2016 12:24:35 PAGE 2   

   CODE SIZE        =    121    ----
   CONSTANT SIZE    =      4    ----
   XDATA SIZE       =   ----    ----
   PDATA SIZE       =   ----    ----
   DATA SIZE        =   ----    ----
   IDATA SIZE       =      6    ----
   BIT SIZE         =      1    ----
END OF MODULE INFORMATION.


C51 COMPILATION COMPLETE.  0 WARNING(S),  0 ERROR(S)
