C51 COMPILER V9.52.0.0   SHARE                                                             03/26/2016 21:49:14 PAGE 1   


C51 COMPILER V9.52.0.0, COMPILATION OF MODULE SHARE
OBJECT MODULE PLACED IN share.OBJ
COMPILER INVOKED BY: C:\Keil\C51\BIN\C51.EXE share.c DEBUG OBJECTEXTEND TABS(2)

line level    source

   1          #include "stc15wxxxx.h"
   2          #include "share.h"
   3          #include "utils.h"
   4          
   5          volatile bit time_colon_icon = 0;
   6          
   7          volatile time_t xdata local_time;
   8          
   9          
  10          volatile u8 power_level = 0;
  11          
  12          volatile u8 color_level = 0;
  13          
  14          volatile u8 speak_mode_set = 0;
  15          
  16          volatile u8 status_mb_key = 0; 
  17          
  18          volatile bit enter_5s_countdown = NO;
  19          
  20          volatile bit countdown_signal_start = NO;
  21          
  22          volatile u8 charge_power = 0;
  23          
  24          volatile u8 power_error_code = 4;


MODULE INFORMATION:   STATIC OVERLAYABLE
   CODE SIZE        =   ----    ----
   CONSTANT SIZE    =   ----    ----
   XDATA SIZE       =      2    ----
   PDATA SIZE       =   ----    ----
   DATA SIZE        =      6    ----
   IDATA SIZE       =   ----    ----
   BIT SIZE         =      3    ----
END OF MODULE INFORMATION.


C51 COMPILATION COMPLETE.  0 WARNING(S),  0 ERROR(S)
