C51 COMPILER V9.52.0.0   SHARED                                                            10/11/2015 15:46:03 PAGE 1   


C51 COMPILER V9.52.0.0, COMPILATION OF MODULE SHARED
OBJECT MODULE PLACED IN shared.OBJ
COMPILER INVOKED BY: D:\Keil\C51\BIN\C51.EXE shared.c COMPACT OMF2 OPTIMIZE(9,SPEED) BROWSE DEBUG TABS(2)

line level    source

   1          #include "shared.h"
   2          
   3          // Default is ON
   4          volatile toggle_t toggle_status = ON;
   5          // Default is STEADY
   6          volatile disp_t display_mode_set = steady_on, display_mode_logic = steady_on;
   7          //volatile disp_t display_mode_set = chasing_flash, display_mode_logic = chasing_flash;
   8          // Default is 100, logic is for output, driver change _prepared
   9          volatile lumins_level_t lumins_level_set = 10; 
  10          volatile lumins_level_t lumins_level_logic[3] = {10};
  11          volatile lumins_level_t lumins_level_logic_prepared[3] = {10};
  12          // Default is 50
  13          volatile speed_level_t speed_level = 5;
  14          //
  15          //volatile bit cycle_output = ON; 
  16          //volatile bit cycle_output[3] = {ON, ON, ON};
  17          volatile u8 cycle_output[3] = {ON, ON, ON};
  18          volatile u8 cycle_output_DUTY[3] = {ON, ON, ON};
  19          // 5ms counters
  20          volatile u16 counter_for_cycle = 0;
  21          volatile u8 finish_cycle_counter = 0;
  22          // INT0 status: 1-Rise 0-Fall  
  23          volatile bit FLAG;
  24          // SYSTEM ALL INT MASK
  25          volatile u8 INT_PROC = 0;
  26          // 
  27          volatile BOOL adc_should_sampling = NO;
  28          // INT1: RISE -> candidate_signal_recieving: No -> Yes
  29          volatile BOOL candidate_signal_recieving = NO;
  30          // TIMER0 toggle_once -> first Int(impluse_holding: No -> Yes) -> second Int(impluse_holding: Yes -> No)
  31          volatile u8 impluse_holding[3] = {NO, NO, NO};
  32          volatile u16 calibrated_phase_delay[3] = {1, 1, 1};
  33          volatile u16 CCPA_tmp[3] = {1, 1, 1};
  34          
  35          // volatile u16    CCPA0_tmp = calibrated_phase_delay[0];
  36          // volatile u16    CCPA1_tmp = calibrated_phase_delay[1];
  37          // volatile u16    CCPA2_tmp = calibrated_phase_delay[2];


MODULE INFORMATION:   STATIC OVERLAYABLE
   CODE SIZE        =   ----    ----
   CONSTANT SIZE    =   ----    ----
   XDATA SIZE       =   ----    ----
   PDATA SIZE       =     35    ----
   DATA SIZE        =   ----    ----
   IDATA SIZE       =   ----    ----
   BIT SIZE         =      4    ----
   EDATA SIZE       =   ----    ----
   HDATA SIZE       =   ----    ----
   XDATA CONST SIZE =   ----    ----
   FAR CONST SIZE   =   ----    ----
END OF MODULE INFORMATION.


C51 COMPILATION COMPLETE.  0 WARNING(S),  0 ERROR(S)
