C51 COMPILER V9.52.0.0   POWER                                                             10/08/2016 19:44:15 PAGE 1   


C51 COMPILER V9.52.0.0, COMPILATION OF MODULE POWER
OBJECT MODULE PLACED IN power.OBJ
COMPILER INVOKED BY: C:\Keil\C51\BIN\C51.EXE power.c LARGE OMF2 BROWSE DEBUG TABS(2)

line level    source

   1          #include "power.h"
   2          #include "utils.h"
   3          #include "task.h"
   4          #include "pwm.h"
   5          
   6          volatile bool power_status = OFF;
   7          volatile bool sys_status = OFF;
   8          volatile power_level_t xdata power_level_set;
   9           
  10          
  11          void power_config_init() {
  12   1          power_status = OFF;
  13   1          power_level_set = 4;
  14   1      }
  15          
  16          
  17          void power_overload_protect(){
  18   1          INT0 = 1;
  19   1          IT0 = 1;   //  设置INT0的中断类型 (1:仅下降沿 0:上升沿和下降沿)
  20   1          EX0 = ENABLE; 
  21   1      }
  22          
  23          
  24          void power_level_8bit(const power_level_t xdata power_level) 
  25          {
  26   1        if(power_level == 4){
  27   2            PWMx_Setup_DutyCycle(PWM_CTL, 95);
  28   2            PWMx_Setup_DutyCycle(PWM_FENG, 100);
  29   2          }else if(power_level == 3){
  30   2            PWMx_Setup_DutyCycle(PWM_CTL, 90);
  31   2            PWMx_Setup_DutyCycle(PWM_FENG, 100);
  32   2          }else if(power_level == 2){
  33   2            PWMx_Setup_DutyCycle(PWM_CTL, 80);
  34   2            PWMx_Setup_DutyCycle(PWM_FENG, 100);
  35   2          }else if(power_level == 1){
  36   2            PWMx_Setup_DutyCycle(PWM_CTL, 70);
  37   2            PWMx_Setup_DutyCycle(PWM_FENG, 100);
  38   2          }else if(power_level == 0){
  39   2            // PWMx_Setup_DutyCycle(PWM_CTL, 0);
  40   2              PWMx_As_GPIO(PWM7_ID);
  41   2              PWM7 = 0;
  42   2            PWMx_Setup_DutyCycle(PWM_FENG, 0);
  43   2          }
  44   1      }
  45          
  46          void power_select_level()
  47          {
  48   1        if(power_status == ON)
  49   1          power_level_8bit(power_level_set);
  50   1        else
  51   1          power_level_8bit(0);
  52   1      }
  53          
  54          
  55          // overload protection
C51 COMPILER V9.52.0.0   POWER                                                             10/08/2016 19:44:15 PAGE 2   

  56          // 中断0
  57          void exint0() interrupt INT0_VECTOR  using 3
  58          {
  59   1          if(!INT0){
  60   2              INT_PROC |= PROTECT_DUTY;
  61   2          }
  62   1      }


MODULE INFORMATION:   STATIC OVERLAYABLE
   CODE SIZE        =    128    ----
   CONSTANT SIZE    =   ----    ----
   XDATA SIZE       =      1       1
   PDATA SIZE       =   ----    ----
   DATA SIZE        =   ----    ----
   IDATA SIZE       =   ----    ----
   BIT SIZE         =      2    ----
   EDATA SIZE       =   ----    ----
   HDATA SIZE       =   ----    ----
   XDATA CONST SIZE =   ----    ----
   FAR CONST SIZE   =   ----    ----
END OF MODULE INFORMATION.


C51 COMPILATION COMPLETE.  0 WARNING(S),  0 ERROR(S)
